2020-11-21 16:14:46: <info>                                    _                 
2020-11-21 16:14:46: <info>  _ __   __ _ _ __   ___  _ __ ___ (_)_ __   ___ _ __ 
2020-11-21 16:14:46: <info> | '_ \ / _` | '_ \ / _ \| '_ ` _ \| | '_ \ / _ \ '__|
2020-11-21 16:14:46: <info> | | | | (_| | | | | (_) | | | | | | | | | |  __/ |   
2020-11-21 16:14:46: <info> |_| |_|\__,_|_| |_|\___/|_| |_| |_|_|_| |_|\___|_|   
2020-11-21 16:14:46: <info> 
2020-11-21 16:14:46: <info> Version 1.9.1
2020-11-21 16:14:46: <info>  Started EthMan server on port 3333 without a password (read-only mode).
2020-11-21 16:14:46: <info>  Started web interface on port 9090 without a password.
2020-11-21 16:14:46: <info> Single device detected
2020-11-21 16:14:46: <info> GPU 0 PCI 01:00.0, Platform: OpenCL, Name: Radeon RX 580 Series (Ellesmere), 8155 MB available
2020-11-21 16:14:46: <info> -------------------Ethash:------------------
2020-11-21 16:14:46: <info> Currency: Ethash-unknown
2020-11-21 16:14:46: <info> Wallet: 0x31454f004F00Ebabc17A91312BCF2D4DdA63d56e
2020-11-21 16:14:46: <info> Rig name: 0x31454f004F00Ebabc17A91312BCF2D4DdA63d56e
2020-11-21 16:14:46: <info> Email was not set.
2020-11-21 16:14:46: <info> Hashrate threshold to restart miner is not set
2020-11-21 16:14:46: <info> Added pool: eu1.ethermine.org:4444
2020-11-21 16:14:46: <info> Auto pool sorting is disabled
2020-11-21 16:14:46: <info> Using all GPU devices
2020-11-21 16:14:46: <info> Memory tweak: 1
2020-11-21 16:14:46: <info> -------------Common parameters:-------------
2020-11-21 16:14:46: <info> Log path: ./logs/
2020-11-21 16:14:46: <info> Log is written to file
2020-11-21 16:14:46: <info> GPU watchdog is enabled
2020-11-21 16:14:46: <info> Never calling reboot.sh (always restarting the miner in case of errors). 
2020-11-21 16:14:46: <info>  Setting up algorithm: Ethash
2020-11-21 16:14:47: <info>  Connecting to pools...
2020-11-21 16:14:47: <info>  Connected to pool: eu1.ethermine.org:4444
2020-11-21 16:14:47: <warning>  Ethash-unknown: couldn't parse job from pool.
2020-11-21 16:14:47: <info> Version 3.1.1 of the miner is available. Changelog:
2020-11-21 16:14:47: <info> Some bugfixes:
- Fixed running VerusHash on Windows.
- Smarter auto update feature behaviour. It now downloads regular package if updating regular package and downloads `cuda11` package if updating `cuda11` package. Use `autoUpdate` option to enable auto update feature.
2020-11-21 16:14:47: <info> In order to process the update, specify  autoUpdate=true  in config and restart the miner.
2020-11-21 16:14:57: <info>  New job from eu1.ethermine.org:4444 | share difficulty = 4 GH, epoch 376 (4031 MB)
2020-11-21 16:14:57: [Statistics] Ethereum - Total speed: 0.000 H/s, Total shares: 0 Rejected: 0, Time: 00:10
2020-11-21 16:14:57: [Statistics] GPU0 t=42°C fan 33% power 33.02W. Total power: 33.02W
2020-11-21 16:14:57: <info>  New job from eu1.ethermine.org:4444
2020-11-21 16:15:00: <info>  New job from eu1.ethermine.org:4444
2020-11-21 16:15:00: <info>  New job from eu1.ethermine.org:4444
2020-11-21 16:15:04: <info>  New job from eu1.ethermine.org:4444
2020-11-21 16:15:07: <info>  New job from eu1.ethermine.org:4444
2020-11-21 16:15:07: <info>  New job from eu1.ethermine.org:4444
2020-11-21 16:15:12: <info>  New job from eu1.ethermine.org:4444
2020-11-21 16:15:15: <info>  New job from eu1.ethermine.org:4444
2020-11-21 16:15:17: <info>  New job from eu1.ethermine.org:4444
2020-11-21 16:15:17: <info>  New job from eu1.ethermine.org:4444
2020-11-21 16:15:21: <info>  New job from eu1.ethermine.org:4444
2020-11-21 16:15:25: <info>  New job from eu1.ethermine.org:4444
2020-11-21 16:15:26: <info>  New job from eu1.ethermine.org:4444
2020-11-21 16:15:26: <info>  New job from eu1.ethermine.org:4444
2020-11-21 16:15:30: <info>  New job from eu1.ethermine.org:4444
2020-11-21 16:15:34: <info>  New job from eu1.ethermine.org:4444
2020-11-21 16:15:38: <info>  New job from eu1.ethermine.org:4444
2020-11-21 16:15:42: <info>  New job from eu1.ethermine.org:4444
2020-11-21 16:15:46: <info>  New job from eu1.ethermine.org:4444
2020-11-21 16:15:50: <info>  New job from eu1.ethermine.org:4444
2020-11-21 16:15:54: <info>  New job from eu1.ethermine.org:4444
2020-11-21 16:15:54: <info>  New job from eu1.ethermine.org:4444
2020-11-21 16:15:56: <info>  New job from eu1.ethermine.org:4444
2020-11-21 16:15:56: <info>  New job from eu1.ethermine.org:4444
2020-11-21 16:16:00: <info>  New job from eu1.ethermine.org:4444
2020-11-21 16:16:04: <info>  New job from eu1.ethermine.org:4444
2020-11-21 16:16:08: <info>  New job from eu1.ethermine.org:4444
2020-11-21 16:16:12: <info>  New job from eu1.ethermine.org:4444
2020-11-21 16:16:14: <info>  New job from eu1.ethermine.org:4444
2020-11-21 16:16:14: <info>  New job from eu1.ethermine.org:4444
2020-11-21 16:16:18: <info>  New job from eu1.ethermine.org:4444
2020-11-21 16:16:22: <info>  New job from eu1.ethermine.org:4444
2020-11-21 16:16:26: <info>  New job from eu1.ethermine.org:4444
2020-11-21 16:16:27: <info>  New job from eu1.ethermine.org:4444
2020-11-21 16:16:27: <info>  New job from eu1.ethermine.org:4444
2020-11-21 16:16:31: <info>  New job from eu1.ethermine.org:4444
2020-11-21 16:16:35: <info>  New job from eu1.ethermine.org:4444
2020-11-21 16:16:39: <info>  New job from eu1.ethermine.org:4444
2020-11-21 16:16:39: <info>  New job from eu1.ethermine.org:4444
2020-11-21 16:16:43: <info>  New job from eu1.ethermine.org:4444
2020-11-21 16:16:47: <info>  New job from eu1.ethermine.org:4444
2020-11-21 16:16:51: <info>  New job from eu1.ethermine.org:4444
2020-11-21 16:16:54: <info>  New job from eu1.ethermine.org:4444
2020-11-21 16:16:56: <info>  New job from eu1.ethermine.org:4444
2020-11-21 16:16:58: <info>  [ProgPow] ~~~~~~ DevFee begin ~~~~~~
2020-11-21 16:16:58: <warning>  Ethereum: couldn't parse job from pool.
2020-11-21 16:16:58: <info>  New job from commission host
2020-11-21 16:16:58: <info>  New job from commission host
2020-11-21 16:17:01: <info>  New job from commission host
2020-11-21 16:17:04: <info>  New job from commission host
2020-11-21 16:17:07: <info>  New job from commission host
2020-11-21 16:17:10: <info>  New job from commission host
2020-11-21 16:17:13: <info>  New job from commission host
2020-11-21 16:17:16: <info>  New job from commission host
2020-11-21 16:17:19: <info>  New job from commission host
2020-11-21 16:17:22: <info>  New job from commission host
2020-11-21 16:17:25: <info>  New job from commission host
2020-11-21 16:17:28: <info>  New job from commission host
2020-11-21 16:17:31: <info>  New job from commission host
2020-11-21 16:17:34: <info>  New job from commission host
2020-11-21 16:17:37: <info>  New job from commission host
2020-11-21 16:17:38: <info>  New job from commission host
2020-11-21 16:17:38: <info>  New job from commission host
2020-11-21 16:17:39: <info>  New job from commission host
2020-11-21 16:17:39: <info>  New job from commission host
2020-11-21 16:17:42: <info>  New job from commission host
2020-11-21 16:17:45: <info>  New job from commission host
2020-11-21 16:17:48: <info>  New job from commission host
2020-11-21 16:17:51: <info>  New job from commission host
2020-11-21 16:17:54: <info>  New job from commission host
2020-11-21 16:17:57: <info>  New job from commission host
2020-11-21 16:18:00: <info>  New job from commission host
2020-11-21 16:18:03: <info>  New job from commission host
2020-11-21 16:18:03: <info>  New job from commission host
2020-11-21 16:18:03: <info>  New job from commission host
2020-11-21 16:18:06: <info>  New job from commission host
2020-11-21 16:18:09: <info>  New job from commission host
2020-11-21 16:18:10: <info>  [ProgPow] ~~~~~~ DevFee end ~~~~~~
2020-11-21 16:18:10: <warning>  Ethereum: couldn't parse job from pool.
2020-11-21 16:18:10: <info>  New job from eu1.ethermine.org:4444
2020-11-21 16:18:11: <info>  New job from eu1.ethermine.org:4444
2020-11-21 16:18:15: <info>  New job from eu1.ethermine.org:4444
2020-11-21 16:18:19: <info>  New job from eu1.ethermine.org:4444
2020-11-21 16:18:19: <info>  New job from eu1.ethermine.org:4444
2020-11-21 16:18:20: <info>  New job from eu1.ethermine.org:4444
2020-11-21 16:18:23: <info>  New job from eu1.ethermine.org:4444
2020-11-21 16:18:28: <info>  New job from eu1.ethermine.org:4444
2020-11-21 16:18:31: <info>  New job from eu1.ethermine.org:4444
2020-11-21 16:18:33: <info>  New job from eu1.ethermine.org:4444
2020-11-21 16:18:33: <info>  New job from eu1.ethermine.org:4444
2020-11-21 16:18:37: <info>  New job from eu1.ethermine.org:4444
2020-11-21 16:18:41: <info>  New job from eu1.ethermine.org:4444
2020-11-21 16:18:42: <info>  New job from eu1.ethermine.org:4444
2020-11-21 16:18:43: <info>  New job from eu1.ethermine.org:4444
2020-11-21 16:18:47: <info>  New job from eu1.ethermine.org:4444
2020-11-21 16:18:50: <info>  New job from eu1.ethermine.org:4444
2020-11-21 16:18:54: <info>  New job from eu1.ethermine.org:4444
2020-11-21 16:18:58: <info>  New job from eu1.ethermine.org:4444
2020-11-21 16:19:02: <info>  New job from eu1.ethermine.org:4444
2020-11-21 16:19:03: <info>  New job from eu1.ethermine.org:4444
2020-11-21 16:19:03: <info>  New job from eu1.ethermine.org:4444
2020-11-21 16:19:07: <info>  New job from eu1.ethermine.org:4444
2020-11-21 16:19:11: <info>  New job from eu1.ethermine.org:4444
2020-11-21 16:19:12: <info>  New job from eu1.ethermine.org:4444
2020-11-21 16:19:12: <info>  New job from eu1.ethermine.org:4444
2020-11-21 16:19:12: <info>  New job from eu1.ethermine.org:4444
2020-11-21 16:19:12: <info>  New job from eu1.ethermine.org:4444
2020-11-21 16:19:16: <info>  New job from eu1.ethermine.org:4444
2020-11-21 16:19:17: <info>  New job from eu1.ethermine.org:4444
2020-11-21 16:19:17: <info>  New job from eu1.ethermine.org:4444
2020-11-21 16:19:21: <info>  New job from eu1.ethermine.org:4444
2020-11-21 16:19:22: <info>  New job from eu1.ethermine.org:4444
2020-11-21 16:19:22: <info>  New job from eu1.ethermine.org:4444
2020-11-21 16:19:26: <info>  New job from eu1.ethermine.org:4444
2020-11-21 16:19:30: <info>  New job from eu1.ethermine.org:4444
2020-11-21 16:19:34: <info>  New job from eu1.ethermine.org:4444
2020-11-21 16:19:38: <info>  New job from eu1.ethermine.org:4444
2020-11-21 16:19:42: <info>  New job from eu1.ethermine.org:4444
2020-11-21 16:19:46: <info>  New job from eu1.ethermine.org:4444
2020-11-21 16:19:50: <info>  New job from eu1.ethermine.org:4444
2020-11-21 16:19:54: <info>  New job from eu1.ethermine.org:4444
2020-11-21 16:19:58: <info>  New job from eu1.ethermine.org:4444
2020-11-21 16:20:02: <info>  New job from eu1.ethermine.org:4444
2020-11-21 16:20:06: <info>  New job from eu1.ethermine.org:4444
2020-11-21 16:20:10: <info>  New job from eu1.ethermine.org:4444
2020-11-21 16:20:14: <info>  New job from eu1.ethermine.org:4444
2020-11-21 16:20:18: <info>  New job from eu1.ethermine.org:4444
2020-11-21 16:20:22: <info>  New job from eu1.ethermine.org:4444
2020-11-21 16:20:26: <info>  New job from eu1.ethermine.org:4444
2020-11-21 16:20:30: <info>  New job from eu1.ethermine.org:4444
2020-11-21 16:20:34: <info>  New job from eu1.ethermine.org:4444
2020-11-21 16:20:38: <info>  New job from eu1.ethermine.org:4444
2020-11-21 16:20:42: <info>  New job from eu1.ethermine.org:4444
2020-11-21 16:20:44: <info>  New job from eu1.ethermine.org:4444
2020-11-21 16:20:44: <info>  New job from eu1.ethermine.org:4444
2020-11-21 16:20:48: <info>  New job from eu1.ethermine.org:4444
2020-11-21 16:20:48: <info>  New job from eu1.ethermine.org:4444
2020-11-21 16:20:49: <info>  New job from eu1.ethermine.org:4444
2020-11-21 16:20:52: <info>  New job from eu1.ethermine.org:4444
2020-11-21 16:20:54: <info>  New job from eu1.ethermine.org:4444
2020-11-21 16:20:56: <info>  New job from eu1.ethermine.org:4444
2020-11-21 16:21:00: <info>  New job from eu1.ethermine.org:4444
2020-11-21 16:21:04: <info>  New job from eu1.ethermine.org:4444
2020-11-21 16:21:08: <info>  New job from eu1.ethermine.org:4444
2020-11-21 16:21:12: <info>  New job from eu1.ethermine.org:4444
2020-11-21 16:21:14: <info>  New job from eu1.ethermine.org:4444
2020-11-21 16:21:14: <info>  New job from eu1.ethermine.org:4444
2020-11-21 16:21:16: <info>  New job from eu1.ethermine.org:4444
2020-11-21 16:21:16: <info>  New job from eu1.ethermine.org:4444
2020-11-21 16:21:20: <info>  New job from eu1.ethermine.org:4444
2020-11-21 16:21:22: <info>  New job from eu1.ethermine.org:4444
2020-11-21 16:21:22: <info>  New job from eu1.ethermine.org:4444
2020-11-21 16:21:26: <info>  New job from eu1.ethermine.org:4444
2020-11-21 16:21:30: <info>  New job from eu1.ethermine.org:4444
2020-11-21 16:21:34: <info>  New job from eu1.ethermine.org:4444
2020-11-21 16:21:38: <info>  New job from eu1.ethermine.org:4444
