2020-11-21 15:04:59: <info>                                    _                 
2020-11-21 15:04:59: <info>  _ __   __ _ _ __   ___  _ __ ___ (_)_ __   ___ _ __ 
2020-11-21 15:04:59: <info> | '_ \ / _` | '_ \ / _ \| '_ ` _ \| | '_ \ / _ \ '__|
2020-11-21 15:04:59: <info> | | | | (_| | | | | (_) | | | | | | | | | |  __/ |   
2020-11-21 15:04:59: <info> |_| |_|\__,_|_| |_|\___/|_| |_| |_|_|_| |_|\___|_|   
2020-11-21 15:04:59: <info> 
2020-11-21 15:04:59: <info> Version 1.9.1
2020-11-21 15:04:59: <info>  Started EthMan server on port 3334 without a password.
2020-11-21 15:04:59: <info>  Started web interface on port 9090 without a password.
2020-11-21 15:04:59: <info> Single device detected
2020-11-21 15:04:59: <info> GPU 0 PCI 01:00.0, Platform: OpenCL, Name: Radeon RX 580 Series (Ellesmere), 8041 MB available
2020-11-21 15:04:59: <info> -------------------Kawpow:------------------
2020-11-21 15:04:59: <info> Currency: RVM
2020-11-21 15:04:59: <info> Wallet: RApoGpnQn9GTQiQzJ9KdPzyxtFqZVfXcX9
2020-11-21 15:04:59: <info> Rig name: Grumpy_915c5b79
2020-11-21 15:04:59: <info> Email was not set.
2020-11-21 15:04:59: <info> Hashrate threshold to restart miner is not set
2020-11-21 15:04:59: <info> Added pool: rvn-us-east1.nanopool.org:12433
2020-11-21 15:04:59: <info> Added pool: rvn-us-west1.nanopool.org:12433
2020-11-21 15:04:59: <info> Added pool: rvn-eu2.nanopool.org:12433
2020-11-21 15:04:59: <info> Added pool: rvn-eu1.nanopool.org:12433
2020-11-21 15:04:59: <info> Added pool: rvn-jp1.nanopool.org:12433
2020-11-21 15:04:59: <info> Added pool: rvn-au1.nanopool.org:12433
2020-11-21 15:04:59: <info> Added pool: rvn-asia1.nanopool.org:12433
2020-11-21 15:04:59: <info> Auto pool sorting is enabled
2020-11-21 15:04:59: <info> Using all GPU devices
2020-11-21 15:04:59: <info> -------------Common parameters:-------------
2020-11-21 15:04:59: <info> Log path: ./logs/
2020-11-21 15:04:59: <info> Log is written to file
2020-11-21 15:04:59: <info> GPU watchdog is enabled
2020-11-21 15:04:59: <info> Never calling reboot.sh (always restarting the miner in case of errors). 
2020-11-21 15:04:59: <info>  Setting up algorithm: Kawpow
2020-11-21 15:04:59: <info>  Connecting to pools...
2020-11-21 15:04:59: <info> Version 3.1.1 of the miner is available. Changelog:
2020-11-21 15:04:59: <info> Some bugfixes:
- Fixed running VerusHash on Windows.
- Smarter auto update feature behaviour. It now downloads regular package if updating regular package and downloads `cuda11` package if updating `cuda11` package. Use `autoUpdate` option to enable auto update feature.
2020-11-21 15:04:59: <info> In order to process the update, specify  autoUpdate=true  in config and restart the miner.
2020-11-21 15:04:59: <info>  Connected to pool: rvn-us-east1.nanopool.org:12433 | ping: 126 ms.
2020-11-21 15:05:00: <info>  New job from rvn-us-east1.nanopool.org:12433 | share difficulty = 300 MH, epoch 200 (2623 MB)
2020-11-21 15:05:00: [Statistics] RVM - Total speed: 0.000 H/s, Total shares: 0 Rejected: 0, Time: 00:00
2020-11-21 15:05:00: [Statistics] GPU0 t=39°C fan 33% power 32.19W. Total power: 32.19W
2020-11-21 15:05:12: <info>  GPU0: 2623 MB DAG generated in 10.17 seconds
2020-11-21 15:05:14: <info>  New job from rvn-us-east1.nanopool.org:12433
2020-11-21 15:05:14: [Statistics] RVM - Total speed: 9.443 MH/s, Total shares: 0 Rejected: 0, Time: 00:15
2020-11-21 15:05:14: [Statistics] RVM last 10 min - Total: 9.443 MH/s.
2020-11-21 15:05:17: <info>  New job from rvn-us-east1.nanopool.org:12433
2020-11-21 15:05:17: [Statistics] RVM - Total speed: 10.462 MH/s, Total shares: 0 Rejected: 0, Time: 00:18
2020-11-21 15:05:17: [Statistics] GPU0 t=53°C fan 36% power 113.13W. Total power: 113.13W
2020-11-21 15:05:47: <info>  New job from rvn-us-east1.nanopool.org:12433
2020-11-21 15:05:47: [Statistics] RVM - Total speed: 11.090 MH/s, Total shares: 0 Rejected: 0, Time: 00:48
2020-11-21 15:05:48: <info>  New job from rvn-us-east1.nanopool.org:12433
2020-11-21 15:05:48: [Statistics] RVM - Total speed: 11.090 MH/s, Total shares: 0 Rejected: 0, Time: 00:49
2020-11-21 15:05:48: [Statistics] GPU0 t=62°C fan 44% power 116.15W. Total power: 116.15W
2020-11-21 15:06:11: <info>  New job from rvn-us-east1.nanopool.org:12433
2020-11-21 15:06:11: [Statistics] RVM - Total speed: 11.089 MH/s, Total shares: 0 Rejected: 0, Time: 01:12
2020-11-21 15:06:11: [Statistics] RVM last 10 min - Total: 10.865 MH/s.
2020-11-21 15:06:30: <info>  New job from rvn-us-east1.nanopool.org:12433
2020-11-21 15:06:30: [Statistics] RVM - Total speed: 11.089 MH/s, Total shares: 0 Rejected: 0, Time: 01:31
2020-11-21 15:06:30: [Statistics] GPU0 t=66°C fan 48% power 117.07W. Total power: 117.07W
2020-11-21 15:06:50: <info>  New job from rvn-us-east1.nanopool.org:12433
2020-11-21 15:06:50: [Statistics] RVM - Total speed: 11.089 MH/s, Total shares: 0 Rejected: 0, Time: 01:51
2020-11-21 15:06:57: <info>  New job from rvn-us-east1.nanopool.org:12433
2020-11-21 15:06:57: [Statistics] RVM - Total speed: 11.089 MH/s, Total shares: 0 Rejected: 0, Time: 01:58
2020-11-21 15:06:57: [Statistics] GPU0 t=68°C fan 50% power 118.01W. Total power: 118.01W
2020-11-21 15:07:06: <info>  RVM - SHARE FOUND (GPU: 0, nonce: 0xe455e0abf677f4f9).
2020-11-21 15:07:07: <info> RVM: share accepted (155 ms)!
2020-11-21 15:07:16: <info>  New job from rvn-us-east1.nanopool.org:12433
2020-11-21 15:07:16: [Statistics] RVM - Total speed: 11.089 MH/s, Total shares: 1 Rejected: 0, Time: 02:17
2020-11-21 15:07:16: [Statistics] RVM last 10 min - Total: 10.984 MH/s.
2020-11-21 15:07:36: <info>  New job from rvn-us-east1.nanopool.org:12433
2020-11-21 15:07:36: [Statistics] RVM - Total speed: 11.090 MH/s, Total shares: 1 Rejected: 0, Time: 02:37
2020-11-21 15:07:36: [Statistics] GPU0 t=70°C fan 49% power 118.09W. Total power: 118.09W
2020-11-21 15:07:43: <info>  New job from rvn-us-east1.nanopool.org:12433
2020-11-21 15:07:43: [Statistics] RVM - Total speed: 11.072 MH/s, Total shares: 1 Rejected: 0, Time: 02:44
2020-11-21 15:08:05: <info>  New job from rvn-us-east1.nanopool.org:12433
2020-11-21 15:08:05: [Statistics] RVM - Total speed: 11.071 MH/s, Total shares: 1 Rejected: 0, Time: 03:06
2020-11-21 15:08:05: [Statistics] GPU0 t=72°C fan 48% power 117.02W. Total power: 117.02W
2020-11-21 15:08:19: <info>  New job from rvn-us-east1.nanopool.org:12433
2020-11-21 15:08:19: [Statistics] RVM - Total speed: 10.700 MH/s, Total shares: 1 Rejected: 0, Time: 03:19
2020-11-21 15:08:19: [Statistics] RVM last 10 min - Total: 11.003 MH/s.
2020-11-21 15:08:33: <info>  New job from rvn-us-east1.nanopool.org:12433
2020-11-21 15:08:33: [Statistics] RVM - Total speed: 11.071 MH/s, Total shares: 1 Rejected: 0, Time: 03:33
2020-11-21 15:08:33: [Statistics] GPU0 t=73°C fan 48% power 117.14W. Total power: 117.14W
2020-11-21 15:08:37: <info>  New job from rvn-us-east1.nanopool.org:12433
2020-11-21 15:08:37: [Statistics] RVM - Total speed: 11.071 MH/s, Total shares: 1 Rejected: 0, Time: 03:37
2020-11-21 15:08:42: <info>  New job from rvn-us-east1.nanopool.org:12433
2020-11-21 15:08:42: [Statistics] RVM - Total speed: 11.071 MH/s, Total shares: 1 Rejected: 0, Time: 03:42
2020-11-21 15:08:42: [Statistics] GPU0 t=74°C fan 48% power 117.16W. Total power: 117.16W
2020-11-21 15:08:51: <info>  New job from rvn-us-east1.nanopool.org:12433
2020-11-21 15:08:51: [Statistics] RVM - Total speed: 11.071 MH/s, Total shares: 1 Rejected: 0, Time: 03:51
2020-11-21 15:08:51: [Statistics] RVM last 10 min - Total: 11.001 MH/s.
