2020-11-21 16:02:29: <info>                                    _                 
2020-11-21 16:02:29: <info>  _ __   __ _ _ __   ___  _ __ ___ (_)_ __   ___ _ __ 
2020-11-21 16:02:29: <info> | '_ \ / _` | '_ \ / _ \| '_ ` _ \| | '_ \ / _ \ '__|
2020-11-21 16:02:29: <info> | | | | (_| | | | | (_) | | | | | | | | | |  __/ |   
2020-11-21 16:02:29: <info> |_| |_|\__,_|_| |_|\___/|_| |_| |_|_|_| |_|\___|_|   
2020-11-21 16:02:29: <info> 
2020-11-21 16:02:29: <info> Version 1.9.1
2020-11-21 16:02:29: <info>  Started EthMan server on port 3333 without a password (read-only mode).
2020-11-21 16:02:29: <info>  Started web interface on port 9090 without a password.
2020-11-21 16:02:29: <info> Single device detected
2020-11-21 16:02:29: <info> GPU 0 PCI 01:00.0, Platform: OpenCL, Name: Radeon RX 580 Series (Ellesmere), 8155 MB available
2020-11-21 16:02:29: <info> -------------------Ethash:------------------
2020-11-21 16:02:29: <info> Currency: Ethereum
2020-11-21 16:02:29: <info> Wallet: 0x31454f004F00Ebabc17A91312BCF2D4DdA63d56e
2020-11-21 16:02:29: <info> Rig name: Grumpy_915c5b79
2020-11-21 16:02:29: <info> Email was not set.
2020-11-21 16:02:29: <info> Hashrate threshold to restart miner is not set
2020-11-21 16:02:29: <info> Added pool: eth-us-east1.nanopool.org:9433
2020-11-21 16:02:29: <info> Added pool: eth-us-west1.nanopool.org:9433
2020-11-21 16:02:29: <info> Added pool: eth-eu1.nanopool.org:9433
2020-11-21 16:02:29: <info> Added pool: eth-eu2.nanopool.org:9433
2020-11-21 16:02:29: <info> Added pool: eth-jp1.nanopool.org:9433
2020-11-21 16:02:29: <info> Added pool: eth-au1.nanopool.org:9433
2020-11-21 16:02:29: <info> Added pool: eth-asia1.nanopool.org:9433
2020-11-21 16:02:29: <info> Auto pool sorting is enabled
2020-11-21 16:02:29: <info> Using all GPU devices
2020-11-21 16:02:29: <info> Memory tweak: 1
2020-11-21 16:02:29: <info> -------------Common parameters:-------------
2020-11-21 16:02:29: <info> Log path: ./logs/
2020-11-21 16:02:29: <info> Log is written to file
2020-11-21 16:02:29: <info> GPU watchdog is enabled
2020-11-21 16:02:29: <info> Never calling reboot.sh (always restarting the miner in case of errors). 
2020-11-21 16:02:29: <info>  Setting up algorithm: Ethash
2020-11-21 16:02:29: <info>  Connecting to pools...
2020-11-21 16:02:29: <info> Version 3.1.1 of the miner is available. Changelog:
2020-11-21 16:02:29: <info> Some bugfixes:
- Fixed running VerusHash on Windows.
- Smarter auto update feature behaviour. It now downloads regular package if updating regular package and downloads `cuda11` package if updating `cuda11` package. Use `autoUpdate` option to enable auto update feature.
2020-11-21 16:02:29: <info> In order to process the update, specify  autoUpdate=true  in config and restart the miner.
2020-11-21 16:02:29: <info>  Connected to pool: eth-us-east1.nanopool.org:9433 | ping: 116 ms.
2020-11-21 16:02:29: <warning>  Ethereum: couldn't parse job from pool.
2020-11-21 16:02:29: <info>  New job from eth-us-east1.nanopool.org:9433 | share difficulty = 10000 MH, epoch 376 (4031 MB)
2020-11-21 16:02:29: [Statistics] Ethereum - Total speed: 0.000 H/s, Total shares: 0 Rejected: 0, Time: 00:00
2020-11-21 16:02:29: [Statistics] GPU0 t=39°C fan 35% power 33.18W. Total power: 33.18W
2020-11-21 16:02:29: <warning>  Hint: launch the miner using root privileges to get a better hashrate.
2020-11-21 16:02:29: <info>  New job from eth-us-east1.nanopool.org:9433
2020-11-21 16:02:29: [Statistics] Ethereum - Total speed: 0.000 H/s, Total shares: 0 Rejected: 0, Time: 00:00
2020-11-21 16:02:29: [Statistics] Ethereum last 10 min - Total: 0.000 H/s.
2020-11-21 16:02:32: <info>  New job from eth-us-east1.nanopool.org:9433
2020-11-21 16:02:32: [Statistics] Ethereum - Total speed: 0.000 H/s, Total shares: 0 Rejected: 0, Time: 00:02
2020-11-21 16:02:32: [Statistics] GPU0 t=39°C fan 34% power 33.11W. Total power: 33.11W
2020-11-21 16:02:33: <info>  New job from eth-us-east1.nanopool.org:9433
2020-11-21 16:02:33: [Statistics] Ethereum - Total speed: 0.000 H/s, Total shares: 0 Rejected: 0, Time: 00:04
2020-11-21 16:02:33: <info>  New job from eth-us-east1.nanopool.org:9433
2020-11-21 16:02:33: [Statistics] Ethereum - Total speed: 0.000 H/s, Total shares: 0 Rejected: 0, Time: 00:04
2020-11-21 16:02:33: [Statistics] GPU0 t=49°C fan 34% power 106.09W. Total power: 106.09W
2020-11-21 16:02:36: <info>  New job from eth-us-east1.nanopool.org:9433
2020-11-21 16:02:36: [Statistics] Ethereum - Total speed: 0.000 H/s, Total shares: 0 Rejected: 0, Time: 00:07
2020-11-21 16:02:36: [Statistics] Ethereum last 10 min - Total: 0.000 H/s.
2020-11-21 16:02:39: <info>  New job from eth-us-east1.nanopool.org:9433
2020-11-21 16:02:39: [Statistics] Ethereum - Total speed: 0.000 H/s, Total shares: 0 Rejected: 0, Time: 00:10
2020-11-21 16:02:39: [Statistics] GPU0 t=51°C fan 36% power 107.12W. Total power: 107.12W
2020-11-21 16:02:40: <info>  GPU0: 4031 MB DAG generated in 8.46 seconds
2020-11-21 16:02:42: <info>  New job from eth-us-east1.nanopool.org:9433
2020-11-21 16:02:42: [Statistics] Ethereum - Some devices are still tuning so hashrate can be lower than expected
2020-11-21 16:02:42: [Statistics] Ethereum - Total speed: 24.772 MH/s, Total shares: 0 Rejected: 0, Time: 00:13
2020-11-21 16:02:45: <info>  New job from eth-us-east1.nanopool.org:9433
2020-11-21 16:02:45: [Statistics] Ethereum - Some devices are still tuning so hashrate can be lower than expected
2020-11-21 16:02:45: [Statistics] Ethereum - Total speed: 24.756 MH/s, Total shares: 0 Rejected: 0, Time: 00:16
2020-11-21 16:02:45: [Statistics] GPU0 t=54°C fan 37% power 122.08W. Total power: 122.08W
2020-11-21 16:02:48: <info>  New job from eth-us-east1.nanopool.org:9433
2020-11-21 16:02:48: [Statistics] Ethereum - Some devices are still tuning so hashrate can be lower than expected
2020-11-21 16:02:48: [Statistics] Ethereum - Total speed: 24.756 MH/s, Total shares: 0 Rejected: 0, Time: 00:18
2020-11-21 16:02:48: [Statistics] Ethereum last 10 min - Total: 24.760 MH/s.
2020-11-21 16:02:48: <info>  New job from eth-us-east1.nanopool.org:9433
2020-11-21 16:02:48: [Statistics] Ethereum - Some devices are still tuning so hashrate can be lower than expected
2020-11-21 16:02:48: [Statistics] Ethereum - Total speed: 24.756 MH/s, Total shares: 0 Rejected: 0, Time: 00:18
2020-11-21 16:02:48: [Statistics] GPU0 t=55°C fan 38% power 122.13W. Total power: 122.13W
2020-11-21 16:02:51: <info>  New job from eth-us-east1.nanopool.org:9433
2020-11-21 16:02:51: [Statistics] Ethereum - Some devices are still tuning so hashrate can be lower than expected
2020-11-21 16:02:51: [Statistics] Ethereum - Total speed: 24.743 MH/s, Total shares: 0 Rejected: 0, Time: 00:21
2020-11-21 16:02:54: <info>  New job from eth-us-east1.nanopool.org:9433
2020-11-21 16:02:54: [Statistics] Ethereum - Some devices are still tuning so hashrate can be lower than expected
2020-11-21 16:02:54: [Statistics] Ethereum - Total speed: 24.732 MH/s, Total shares: 0 Rejected: 0, Time: 00:24
2020-11-21 16:02:54: [Statistics] GPU0 t=57°C fan 40% power 122.07W. Total power: 122.07W
2020-11-21 16:02:57: <info>  New job from eth-us-east1.nanopool.org:9433
2020-11-21 16:02:57: [Statistics] Ethereum - Some devices are still tuning so hashrate can be lower than expected
2020-11-21 16:02:57: [Statistics] Ethereum - Total speed: 24.724 MH/s, Total shares: 0 Rejected: 0, Time: 00:28
2020-11-21 16:02:57: [Statistics] Ethereum last 10 min - Total: 24.746 MH/s.
2020-11-21 16:03:00: <info>  New job from eth-us-east1.nanopool.org:9433
2020-11-21 16:03:00: [Statistics] Ethereum - Some devices are still tuning so hashrate can be lower than expected
2020-11-21 16:03:00: [Statistics] Ethereum - Total speed: 24.724 MH/s, Total shares: 0 Rejected: 0, Time: 00:30
2020-11-21 16:03:00: [Statistics] GPU0 t=58°C fan 41% power 124.22W. Total power: 124.22W
2020-11-21 16:03:03: <info>  New job from eth-us-east1.nanopool.org:9433
2020-11-21 16:03:03: [Statistics] Ethereum - Some devices are still tuning so hashrate can be lower than expected
2020-11-21 16:03:03: [Statistics] Ethereum - Total speed: 24.710 MH/s, Total shares: 0 Rejected: 0, Time: 00:33
2020-11-21 16:03:06: <info>  New job from eth-us-east1.nanopool.org:9433
2020-11-21 16:03:06: [Statistics] Ethereum - Some devices are still tuning so hashrate can be lower than expected
2020-11-21 16:03:06: [Statistics] Ethereum - Total speed: 24.693 MH/s, Total shares: 0 Rejected: 0, Time: 00:36
2020-11-21 16:03:06: [Statistics] GPU0 t=60°C fan 42% power 130.07W. Total power: 130.07W
2020-11-21 16:03:07: <info>  New job from eth-us-east1.nanopool.org:9433
2020-11-21 16:03:07: [Statistics] Ethereum - Some devices are still tuning so hashrate can be lower than expected
2020-11-21 16:03:07: [Statistics] Ethereum - Total speed: 24.693 MH/s, Total shares: 0 Rejected: 0, Time: 00:38
2020-11-21 16:03:07: [Statistics] Ethereum last 10 min - Total: 24.732 MH/s.
2020-11-21 16:03:07: <info>  New job from eth-us-east1.nanopool.org:9433
2020-11-21 16:03:07: [Statistics] Ethereum - Some devices are still tuning so hashrate can be lower than expected
2020-11-21 16:03:07: [Statistics] Ethereum - Total speed: 24.693 MH/s, Total shares: 0 Rejected: 0, Time: 00:38
2020-11-21 16:03:07: [Statistics] GPU0 t=61°C fan 43% power 129.24W. Total power: 129.24W
2020-11-21 16:03:10: <info>  New job from eth-us-east1.nanopool.org:9433
2020-11-21 16:03:10: [Statistics] Ethereum - Some devices are still tuning so hashrate can be lower than expected
2020-11-21 16:03:10: [Statistics] Ethereum - Total speed: 24.987 MH/s, Total shares: 0 Rejected: 0, Time: 00:41
2020-11-21 16:03:12: <info>  New job from eth-us-east1.nanopool.org:9433
2020-11-21 16:03:12: [Statistics] Ethereum - Some devices are still tuning so hashrate can be lower than expected
2020-11-21 16:03:12: [Statistics] Ethereum - Total speed: 24.987 MH/s, Total shares: 0 Rejected: 0, Time: 00:42
2020-11-21 16:03:12: [Statistics] GPU0 t=62°C fan 44% power 129.24W. Total power: 129.24W
2020-11-21 16:03:12: <info>  New job from eth-us-east1.nanopool.org:9433
2020-11-21 16:03:12: [Statistics] Ethereum - Some devices are still tuning so hashrate can be lower than expected
2020-11-21 16:03:12: [Statistics] Ethereum - Total speed: 24.987 MH/s, Total shares: 0 Rejected: 0, Time: 00:43
2020-11-21 16:03:12: [Statistics] Ethereum last 10 min - Total: 24.758 MH/s.
2020-11-21 16:03:15: <info>  New job from eth-us-east1.nanopool.org:9433
2020-11-21 16:03:15: [Statistics] Ethereum - Some devices are still tuning so hashrate can be lower than expected
2020-11-21 16:03:15: [Statistics] Ethereum - Total speed: 25.252 MH/s, Total shares: 0 Rejected: 0, Time: 00:46
2020-11-21 16:03:15: [Statistics] GPU0 t=62°C fan 45% power 130.14W. Total power: 130.14W
2020-11-21 16:03:15: <info>  New job from eth-us-east1.nanopool.org:9433
2020-11-21 16:03:15: [Statistics] Ethereum - Some devices are still tuning so hashrate can be lower than expected
2020-11-21 16:03:15: [Statistics] Ethereum - Total speed: 25.252 MH/s, Total shares: 0 Rejected: 0, Time: 00:46
2020-11-21 16:03:16: <info>  New job from eth-us-east1.nanopool.org:9433
2020-11-21 16:03:16: [Statistics] Ethereum - Some devices are still tuning so hashrate can be lower than expected
2020-11-21 16:03:16: [Statistics] Ethereum - Total speed: 25.252 MH/s, Total shares: 0 Rejected: 0, Time: 00:46
2020-11-21 16:03:16: [Statistics] GPU0 t=63°C fan 45% power 130.08W. Total power: 130.08W
2020-11-21 16:03:18: <info>  New job from eth-us-east1.nanopool.org:9433
2020-11-21 16:03:18: [Statistics] Ethereum - Total speed: 27.637 MH/s, Total shares: 0 Rejected: 0, Time: 00:49
2020-11-21 16:03:18: [Statistics] Ethereum last 10 min - Total: 24.931 MH/s.
2020-11-21 16:03:19: <info>  New job from eth-us-east1.nanopool.org:9433
2020-11-21 16:03:19: [Statistics] Ethereum - Total speed: 27.637 MH/s, Total shares: 0 Rejected: 0, Time: 00:49
2020-11-21 16:03:19: [Statistics] GPU0 t=63°C fan 46% power 130.09W. Total power: 130.09W
2020-11-21 16:03:19: <info>  New job from eth-us-east1.nanopool.org:9433
2020-11-21 16:03:19: [Statistics] Ethereum - Total speed: 27.637 MH/s, Total shares: 0 Rejected: 0, Time: 00:49
2020-11-21 16:03:21: <info>  New job from eth-us-east1.nanopool.org:9433
2020-11-21 16:03:21: [Statistics] Ethereum - Total speed: 27.637 MH/s, Total shares: 0 Rejected: 0, Time: 00:51
2020-11-21 16:03:21: [Statistics] GPU0 t=64°C fan 47% power 130.19W. Total power: 130.19W
2020-11-21 16:03:21: <info>  New job from eth-us-east1.nanopool.org:9433
2020-11-21 16:03:21: [Statistics] Ethereum - Total speed: 27.637 MH/s, Total shares: 0 Rejected: 0, Time: 00:51
2020-11-21 16:03:21: [Statistics] Ethereum last 10 min - Total: 25.101 MH/s.
2020-11-21 16:03:24: <info>  New job from eth-us-east1.nanopool.org:9433
2020-11-21 16:03:24: [Statistics] Ethereum - Total speed: 27.638 MH/s, Total shares: 0 Rejected: 0, Time: 00:55
2020-11-21 16:03:24: [Statistics] GPU0 t=64°C fan 47% power 130.06W. Total power: 130.06W
2020-11-21 16:03:25: <info>  New job from eth-us-east1.nanopool.org:9433
2020-11-21 16:03:25: [Statistics] Ethereum - Total speed: 27.638 MH/s, Total shares: 0 Rejected: 0, Time: 00:56
2020-11-21 16:03:25: <info>  New job from eth-us-east1.nanopool.org:9433
2020-11-21 16:03:25: [Statistics] Ethereum - Total speed: 27.638 MH/s, Total shares: 0 Rejected: 0, Time: 00:56
2020-11-21 16:03:25: [Statistics] GPU0 t=64°C fan 47% power 130.15W. Total power: 130.15W
2020-11-21 16:03:25: <info>  New job from eth-us-east1.nanopool.org:9433
2020-11-21 16:03:25: [Statistics] Ethereum - Total speed: 27.638 MH/s, Total shares: 0 Rejected: 0, Time: 00:56
2020-11-21 16:03:25: [Statistics] Ethereum last 10 min - Total: 25.368 MH/s.
2020-11-21 16:03:28: <info>  New job from eth-us-east1.nanopool.org:9433
2020-11-21 16:03:28: [Statistics] Ethereum - Total speed: 27.638 MH/s, Total shares: 0 Rejected: 0, Time: 00:59
2020-11-21 16:03:28: [Statistics] GPU0 t=65°C fan 48% power 130.24W. Total power: 130.24W
2020-11-21 16:03:31: <info>  New job from eth-us-east1.nanopool.org:9433
2020-11-21 16:03:31: [Statistics] Ethereum - Total speed: 27.638 MH/s, Total shares: 0 Rejected: 0, Time: 01:02
2020-11-21 16:03:32: <info>  New job from eth-us-east1.nanopool.org:9433
2020-11-21 16:03:32: [Statistics] Ethereum - Total speed: 27.638 MH/s, Total shares: 0 Rejected: 0, Time: 01:02
2020-11-21 16:03:32: [Statistics] GPU0 t=65°C fan 50% power 131.11W. Total power: 131.11W
2020-11-21 16:03:32: <info>  New job from eth-us-east1.nanopool.org:9433
2020-11-21 16:03:32: [Statistics] Ethereum - Total speed: 27.638 MH/s, Total shares: 0 Rejected: 0, Time: 01:02
2020-11-21 16:03:32: [Statistics] Ethereum last 10 min - Total: 25.662 MH/s.
2020-11-21 16:03:33: <info>  New job from eth-us-east1.nanopool.org:9433
2020-11-21 16:03:33: [Statistics] Ethereum - Total speed: 27.638 MH/s, Total shares: 0 Rejected: 0, Time: 01:04
2020-11-21 16:03:33: [Statistics] GPU0 t=65°C fan 50% power 131.09W. Total power: 131.09W
2020-11-21 16:03:34: <info>  New job from eth-us-east1.nanopool.org:9433
2020-11-21 16:03:34: [Statistics] Ethereum - Total speed: 27.638 MH/s, Total shares: 0 Rejected: 0, Time: 01:04
2020-11-21 16:03:37: <info>  New job from eth-us-east1.nanopool.org:9433
2020-11-21 16:03:37: [Statistics] Ethereum - Total speed: 27.637 MH/s, Total shares: 0 Rejected: 0, Time: 01:07
2020-11-21 16:03:37: [Statistics] GPU0 t=66°C fan 50% power 131.01W. Total power: 131.01W
2020-11-21 16:03:39: <info>  New job from eth-us-east1.nanopool.org:9433
2020-11-21 16:03:39: [Statistics] Ethereum - Total speed: 27.637 MH/s, Total shares: 0 Rejected: 0, Time: 01:10
2020-11-21 16:03:39: [Statistics] Ethereum last 10 min - Total: 25.922 MH/s.
2020-11-21 16:03:40: <info>  New job from eth-us-east1.nanopool.org:9433
2020-11-21 16:03:40: [Statistics] Ethereum - Total speed: 27.637 MH/s, Total shares: 0 Rejected: 0, Time: 01:10
2020-11-21 16:03:40: [Statistics] GPU0 t=66°C fan 51% power 131.11W. Total power: 131.11W
2020-11-21 16:03:40: <info>  New job from eth-us-east1.nanopool.org:9433
2020-11-21 16:03:40: [Statistics] Ethereum - Total speed: 27.637 MH/s, Total shares: 0 Rejected: 0, Time: 01:10
2020-11-21 16:03:43: <info>  New job from eth-us-east1.nanopool.org:9433
2020-11-21 16:03:43: [Statistics] Ethereum - Total speed: 27.637 MH/s, Total shares: 0 Rejected: 0, Time: 01:13
2020-11-21 16:03:43: [Statistics] GPU0 t=66°C fan 52% power 131.10W. Total power: 131.10W
2020-11-21 16:03:43: <info>  New job from eth-us-east1.nanopool.org:9433
2020-11-21 16:03:43: [Statistics] Ethereum - Total speed: 27.637 MH/s, Total shares: 0 Rejected: 0, Time: 01:14
2020-11-21 16:03:43: [Statistics] Ethereum last 10 min - Total: 26.029 MH/s.
2020-11-21 16:03:43: <info>  New job from eth-us-east1.nanopool.org:9433
2020-11-21 16:03:43: [Statistics] Ethereum - Total speed: 27.637 MH/s, Total shares: 0 Rejected: 0, Time: 01:14
2020-11-21 16:03:43: [Statistics] GPU0 t=66°C fan 52% power 131.14W. Total power: 131.14W
2020-11-21 16:03:46: <info>  New job from eth-us-east1.nanopool.org:9433
2020-11-21 16:03:46: [Statistics] Ethereum - Total speed: 27.637 MH/s, Total shares: 0 Rejected: 0, Time: 01:17
2020-11-21 16:03:49: <info>  New job from eth-us-east1.nanopool.org:9433
2020-11-21 16:03:49: [Statistics] Ethereum - Total speed: 27.637 MH/s, Total shares: 0 Rejected: 0, Time: 01:20
2020-11-21 16:03:49: [Statistics] GPU0 t=67°C fan 52% power 131.10W. Total power: 131.10W
2020-11-21 16:03:52: <info>  New job from eth-us-east1.nanopool.org:9433
2020-11-21 16:03:52: [Statistics] Ethereum - Total speed: 27.636 MH/s, Total shares: 0 Rejected: 0, Time: 01:23
2020-11-21 16:03:52: [Statistics] Ethereum last 10 min - Total: 26.238 MH/s.
2020-11-21 16:03:55: <info>  New job from eth-us-east1.nanopool.org:9433
2020-11-21 16:03:55: [Statistics] Ethereum - Total speed: 27.636 MH/s, Total shares: 0 Rejected: 0, Time: 01:26
2020-11-21 16:03:55: [Statistics] GPU0 t=67°C fan 53% power 131.16W. Total power: 131.16W
2020-11-21 16:03:59: <info>  New job from eth-us-east1.nanopool.org:9433
2020-11-21 16:03:59: [Statistics] Ethereum - Total speed: 27.636 MH/s, Total shares: 0 Rejected: 0, Time: 01:29
2020-11-21 16:04:01: <info>  New job from eth-us-east1.nanopool.org:9433
2020-11-21 16:04:01: [Statistics] Ethereum - Total speed: 27.636 MH/s, Total shares: 0 Rejected: 0, Time: 01:32
2020-11-21 16:04:01: [Statistics] GPU0 t=68°C fan 54% power 131.12W. Total power: 131.12W
2020-11-21 16:04:04: <info>  New job from eth-us-east1.nanopool.org:9433
2020-11-21 16:04:04: [Statistics] Ethereum - Total speed: 27.636 MH/s, Total shares: 0 Rejected: 0, Time: 01:34
2020-11-21 16:04:04: [Statistics] Ethereum last 10 min - Total: 26.432 MH/s.
2020-11-21 16:04:04: <info>  New job from eth-us-east1.nanopool.org:9433
2020-11-21 16:04:04: [Statistics] Ethereum - Total speed: 27.636 MH/s, Total shares: 0 Rejected: 0, Time: 01:34
2020-11-21 16:04:04: [Statistics] GPU0 t=68°C fan 55% power 131.14W. Total power: 131.14W
2020-11-21 16:04:07: <info>  New job from eth-us-east1.nanopool.org:9433
2020-11-21 16:04:07: [Statistics] Ethereum - Total speed: 27.636 MH/s, Total shares: 0 Rejected: 0, Time: 01:37
2020-11-21 16:04:10: <info>  New job from eth-us-east1.nanopool.org:9433
2020-11-21 16:04:10: [Statistics] Ethereum - Total speed: 27.635 MH/s, Total shares: 0 Rejected: 0, Time: 01:40
2020-11-21 16:04:10: [Statistics] GPU0 t=68°C fan 55% power 131.16W. Total power: 131.16W
2020-11-21 16:04:13: <info>  New job from eth-us-east1.nanopool.org:9433
2020-11-21 16:04:13: [Statistics] Ethereum - Total speed: 27.636 MH/s, Total shares: 0 Rejected: 0, Time: 01:43
2020-11-21 16:04:13: [Statistics] Ethereum last 10 min - Total: 26.553 MH/s.
2020-11-21 16:04:16: <info>  New job from eth-us-east1.nanopool.org:9433
2020-11-21 16:04:16: [Statistics] Ethereum - Total speed: 27.636 MH/s, Total shares: 0 Rejected: 0, Time: 01:46
2020-11-21 16:04:16: [Statistics] GPU0 t=68°C fan 55% power 132.02W. Total power: 132.02W
2020-11-21 16:04:19: <info>  New job from eth-us-east1.nanopool.org:9433
2020-11-21 16:04:19: [Statistics] Ethereum - Total speed: 27.636 MH/s, Total shares: 0 Rejected: 0, Time: 01:49
2020-11-21 16:04:22: <info>  New job from eth-us-east1.nanopool.org:9433
2020-11-21 16:04:22: [Statistics] Ethereum - Total speed: 27.636 MH/s, Total shares: 0 Rejected: 0, Time: 01:52
2020-11-21 16:04:22: [Statistics] GPU0 t=69°C fan 55% power 132.20W. Total power: 132.20W
2020-11-21 16:04:22: <info>  New job from eth-us-east1.nanopool.org:9433
2020-11-21 16:04:22: [Statistics] Ethereum - Total speed: 27.636 MH/s, Total shares: 0 Rejected: 0, Time: 01:52
2020-11-21 16:04:22: [Statistics] Ethereum last 10 min - Total: 26.652 MH/s.
2020-11-21 16:04:25: <info>  New job from eth-us-east1.nanopool.org:9433
2020-11-21 16:04:25: [Statistics] Ethereum - Total speed: 27.636 MH/s, Total shares: 0 Rejected: 0, Time: 01:55
2020-11-21 16:04:25: [Statistics] GPU0 t=69°C fan 55% power 133.05W. Total power: 133.05W
2020-11-21 16:04:28: <info>  New job from eth-us-east1.nanopool.org:9433
2020-11-21 16:04:28: [Statistics] Ethereum - Total speed: 27.637 MH/s, Total shares: 0 Rejected: 0, Time: 01:58
2020-11-21 16:04:31: <info>  New job from eth-us-east1.nanopool.org:9433
2020-11-21 16:04:31: [Statistics] Ethereum - Total speed: 27.637 MH/s, Total shares: 0 Rejected: 0, Time: 02:01
2020-11-21 16:04:31: [Statistics] GPU0 t=70°C fan 56% power 133.17W. Total power: 133.17W
2020-11-21 16:04:34: <info>  New job from eth-us-east1.nanopool.org:9433
2020-11-21 16:04:34: [Statistics] Ethereum - Total speed: 27.638 MH/s, Total shares: 0 Rejected: 0, Time: 02:05
2020-11-21 16:04:34: [Statistics] Ethereum last 10 min - Total: 26.761 MH/s.
2020-11-21 16:04:37: <info>  New job from eth-us-east1.nanopool.org:9433
2020-11-21 16:04:37: [Statistics] Ethereum - Total speed: 27.637 MH/s, Total shares: 0 Rejected: 0, Time: 02:07
2020-11-21 16:04:37: [Statistics] GPU0 t=70°C fan 56% power 133.05W. Total power: 133.05W
2020-11-21 16:04:40: <info>  New job from eth-us-east1.nanopool.org:9433
2020-11-21 16:04:40: [Statistics] Ethereum - Total speed: 27.637 MH/s, Total shares: 0 Rejected: 0, Time: 02:10
2020-11-21 16:04:43: <info>  New job from eth-us-east1.nanopool.org:9433
2020-11-21 16:04:43: [Statistics] Ethereum - Total speed: 27.637 MH/s, Total shares: 0 Rejected: 0, Time: 02:13
2020-11-21 16:04:43: [Statistics] GPU0 t=70°C fan 56% power 133.23W. Total power: 133.23W
2020-11-21 16:04:46: <info>  New job from eth-us-east1.nanopool.org:9433
2020-11-21 16:04:46: [Statistics] Ethereum - Total speed: 27.637 MH/s, Total shares: 0 Rejected: 0, Time: 02:16
2020-11-21 16:04:46: [Statistics] Ethereum last 10 min - Total: 26.842 MH/s.
2020-11-21 16:04:49: <info>  New job from eth-us-east1.nanopool.org:9433
2020-11-21 16:04:49: [Statistics] Ethereum - Total speed: 27.638 MH/s, Total shares: 0 Rejected: 0, Time: 02:19
2020-11-21 16:04:49: [Statistics] GPU0 t=71°C fan 56% power 133.21W. Total power: 133.21W
2020-11-21 16:04:52: <info>  New job from eth-us-east1.nanopool.org:9433
2020-11-21 16:04:52: [Statistics] Ethereum - Total speed: 27.637 MH/s, Total shares: 0 Rejected: 0, Time: 02:22
2020-11-21 16:04:55: <info>  New job from eth-us-east1.nanopool.org:9433
2020-11-21 16:04:55: [Statistics] Ethereum - Total speed: 27.637 MH/s, Total shares: 0 Rejected: 0, Time: 02:25
2020-11-21 16:04:55: [Statistics] GPU0 t=71°C fan 55% power 133.24W. Total power: 133.24W
2020-11-21 16:04:56: <info>  New job from eth-us-east1.nanopool.org:9433
2020-11-21 16:04:56: [Statistics] Ethereum - Total speed: 27.637 MH/s, Total shares: 0 Rejected: 0, Time: 02:27
2020-11-21 16:04:56: [Statistics] Ethereum last 10 min - Total: 26.905 MH/s.
2020-11-21 16:04:57: <info>  New job from eth-us-east1.nanopool.org:9433
2020-11-21 16:04:57: [Statistics] Ethereum - Total speed: 27.637 MH/s, Total shares: 0 Rejected: 0, Time: 02:27
2020-11-21 16:04:57: [Statistics] GPU0 t=71°C fan 55% power 133.14W. Total power: 133.14W
2020-11-21 16:05:00: <info>  New job from eth-us-east1.nanopool.org:9433
2020-11-21 16:05:00: [Statistics] Ethereum - Total speed: 27.637 MH/s, Total shares: 0 Rejected: 0, Time: 02:30
2020-11-21 16:05:01: <info>  New job from eth-us-east1.nanopool.org:9433
2020-11-21 16:05:01: [Statistics] Ethereum - Total speed: 27.637 MH/s, Total shares: 0 Rejected: 0, Time: 02:32
2020-11-21 16:05:01: [Statistics] GPU0 t=71°C fan 55% power 133.24W. Total power: 133.24W
2020-11-21 16:05:01: <info>  New job from eth-us-east1.nanopool.org:9433
2020-11-21 16:05:01: [Statistics] Ethereum - Total speed: 27.637 MH/s, Total shares: 0 Rejected: 0, Time: 02:32
2020-11-21 16:05:01: [Statistics] Ethereum last 10 min - Total: 26.932 MH/s.
2020-11-21 16:05:04: <info>  New job from eth-us-east1.nanopool.org:9433
2020-11-21 16:05:04: [Statistics] Ethereum - Total speed: 27.637 MH/s, Total shares: 0 Rejected: 0, Time: 02:35
2020-11-21 16:05:04: [Statistics] GPU0 t=72°C fan 55% power 134.08W. Total power: 134.08W
2020-11-21 16:05:07: <info>  New job from eth-us-east1.nanopool.org:9433
2020-11-21 16:05:07: [Statistics] Ethereum - Total speed: 27.637 MH/s, Total shares: 0 Rejected: 0, Time: 02:38
2020-11-21 16:05:10: <info>  New job from eth-us-east1.nanopool.org:9433
2020-11-21 16:05:10: [Statistics] Ethereum - Total speed: 27.637 MH/s, Total shares: 0 Rejected: 0, Time: 02:41
2020-11-21 16:05:10: [Statistics] GPU0 t=72°C fan 55% power 134.05W. Total power: 134.05W
2020-11-21 16:05:13: <info>  New job from eth-us-east1.nanopool.org:9433
2020-11-21 16:05:13: [Statistics] Ethereum - Total speed: 27.637 MH/s, Total shares: 0 Rejected: 0, Time: 02:44
2020-11-21 16:05:13: [Statistics] Ethereum last 10 min - Total: 26.987 MH/s.
2020-11-21 16:05:16: <info>  New job from eth-us-east1.nanopool.org:9433
2020-11-21 16:05:16: [Statistics] Ethereum - Total speed: 27.637 MH/s, Total shares: 0 Rejected: 0, Time: 02:47
2020-11-21 16:05:16: [Statistics] GPU0 t=72°C fan 55% power 133.23W. Total power: 133.23W
2020-11-21 16:05:19: <info>  New job from eth-us-east1.nanopool.org:9433
2020-11-21 16:05:19: [Statistics] Ethereum - Total speed: 27.637 MH/s, Total shares: 0 Rejected: 0, Time: 02:50
2020-11-21 16:05:22: <info>  New job from eth-us-east1.nanopool.org:9433
2020-11-21 16:05:22: [Statistics] Ethereum - Total speed: 27.637 MH/s, Total shares: 0 Rejected: 0, Time: 02:53
2020-11-21 16:05:22: [Statistics] GPU0 t=73°C fan 55% power 134.04W. Total power: 134.04W
2020-11-21 16:05:23: <info>  New job from eth-us-east1.nanopool.org:9433
2020-11-21 16:05:23: [Statistics] Ethereum - Total speed: 27.637 MH/s, Total shares: 0 Rejected: 0, Time: 02:54
2020-11-21 16:05:23: [Statistics] Ethereum last 10 min - Total: 27.026 MH/s.
2020-11-21 16:05:23: <info>  New job from eth-us-east1.nanopool.org:9433
2020-11-21 16:05:23: [Statistics] Ethereum - Total speed: 27.637 MH/s, Total shares: 0 Rejected: 0, Time: 02:54
2020-11-21 16:05:23: [Statistics] GPU0 t=73°C fan 55% power 134.09W. Total power: 134.09W
2020-11-21 16:05:26: <info>  New job from eth-us-east1.nanopool.org:9433
2020-11-21 16:05:26: [Statistics] Ethereum - Total speed: 27.637 MH/s, Total shares: 0 Rejected: 0, Time: 02:57
2020-11-21 16:05:29: <info>  New job from eth-us-east1.nanopool.org:9433
2020-11-21 16:05:29: [Statistics] Ethereum - Total speed: 27.637 MH/s, Total shares: 0 Rejected: 0, Time: 03:00
2020-11-21 16:05:29: [Statistics] GPU0 t=73°C fan 55% power 134.13W. Total power: 134.13W
2020-11-21 16:05:29: <info>  New job from eth-us-east1.nanopool.org:9433
2020-11-21 16:05:29: [Statistics] Ethereum - Total speed: 27.637 MH/s, Total shares: 0 Rejected: 0, Time: 03:00
2020-11-21 16:05:29: [Statistics] Ethereum last 10 min - Total: 27.049 MH/s.
2020-11-21 16:05:32: <info>  New job from eth-us-east1.nanopool.org:9433
2020-11-21 16:05:32: [Statistics] Ethereum - Total speed: 27.637 MH/s, Total shares: 0 Rejected: 0, Time: 03:03
2020-11-21 16:05:32: [Statistics] GPU0 t=73°C fan 55% power 134.07W. Total power: 134.07W
2020-11-21 16:05:36: <info>  New job from eth-us-east1.nanopool.org:9433
2020-11-21 16:05:36: [Statistics] Ethereum - Total speed: 27.636 MH/s, Total shares: 0 Rejected: 0, Time: 03:06
2020-11-21 16:05:38: <info>  New job from eth-us-east1.nanopool.org:9433
2020-11-21 16:05:38: [Statistics] Ethereum - Total speed: 27.636 MH/s, Total shares: 0 Rejected: 0, Time: 03:09
2020-11-21 16:05:38: [Statistics] GPU0 t=74°C fan 55% power 134.08W. Total power: 134.08W
2020-11-21 16:05:41: <info>  New job from eth-us-east1.nanopool.org:9433
2020-11-21 16:05:41: [Statistics] Ethereum - Total speed: 27.636 MH/s, Total shares: 0 Rejected: 0, Time: 03:12
2020-11-21 16:05:41: [Statistics] Ethereum last 10 min - Total: 27.088 MH/s.
2020-11-21 16:05:42: <info>  New job from eth-us-east1.nanopool.org:9433
2020-11-21 16:05:42: [Statistics] Ethereum - Total speed: 27.636 MH/s, Total shares: 0 Rejected: 0, Time: 03:13
2020-11-21 16:05:42: [Statistics] GPU0 t=74°C fan 55% power 134.06W. Total power: 134.06W
2020-11-21 16:05:42: <info>  New job from eth-us-east1.nanopool.org:9433
2020-11-21 16:05:42: [Statistics] Ethereum - Total speed: 27.636 MH/s, Total shares: 0 Rejected: 0, Time: 03:13
2020-11-21 16:05:45: <info>  New job from eth-us-east1.nanopool.org:9433
2020-11-21 16:05:45: [Statistics] Ethereum - Total speed: 27.636 MH/s, Total shares: 0 Rejected: 0, Time: 03:16
2020-11-21 16:05:45: [Statistics] GPU0 t=74°C fan 55% power 134.17W. Total power: 134.17W
2020-11-21 16:05:48: <info>  New job from eth-us-east1.nanopool.org:9433
2020-11-21 16:05:48: [Statistics] Ethereum - Total speed: 27.636 MH/s, Total shares: 0 Rejected: 0, Time: 03:19
2020-11-21 16:05:48: [Statistics] Ethereum last 10 min - Total: 27.109 MH/s.
2020-11-21 16:05:51: <info>  New job from eth-us-east1.nanopool.org:9433
2020-11-21 16:05:51: [Statistics] Ethereum - Total speed: 27.636 MH/s, Total shares: 0 Rejected: 0, Time: 03:22
2020-11-21 16:05:51: [Statistics] GPU0 t=74°C fan 55% power 134.19W. Total power: 134.19W
2020-11-21 16:05:51: <info>  New job from eth-us-east1.nanopool.org:9433
2020-11-21 16:05:51: [Statistics] Ethereum - Total speed: 27.636 MH/s, Total shares: 0 Rejected: 0, Time: 03:22
2020-11-21 16:05:53: <info>  New job from eth-us-east1.nanopool.org:9433
2020-11-21 16:05:53: [Statistics] Ethereum - Total speed: 27.636 MH/s, Total shares: 0 Rejected: 0, Time: 03:23
2020-11-21 16:05:53: [Statistics] GPU0 t=74°C fan 55% power 134.19W. Total power: 134.19W
2020-11-21 16:05:54: <info>  New job from eth-us-east1.nanopool.org:9433
2020-11-21 16:05:54: [Statistics] Ethereum - Total speed: 27.636 MH/s, Total shares: 0 Rejected: 0, Time: 03:24
2020-11-21 16:05:54: [Statistics] Ethereum last 10 min - Total: 27.124 MH/s.
2020-11-21 16:05:56: <info>  New job from eth-us-east1.nanopool.org:9433
2020-11-21 16:05:56: [Statistics] Ethereum - Total speed: 27.636 MH/s, Total shares: 0 Rejected: 0, Time: 03:27
2020-11-21 16:05:56: [Statistics] GPU0 t=75°C fan 55% power 134.19W. Total power: 134.19W
2020-11-21 16:05:59: <info>  New job from eth-us-east1.nanopool.org:9433
2020-11-21 16:05:59: [Statistics] Ethereum - Total speed: 27.636 MH/s, Total shares: 0 Rejected: 0, Time: 03:30
2020-11-21 16:06:02: <info>  New job from eth-us-east1.nanopool.org:9433
2020-11-21 16:06:02: [Statistics] Ethereum - Total speed: 27.636 MH/s, Total shares: 0 Rejected: 0, Time: 03:32
2020-11-21 16:06:02: [Statistics] GPU0 t=75°C fan 55% power 134.25W. Total power: 134.25W
2020-11-21 16:06:04: <info>  New job from eth-us-east1.nanopool.org:9433
2020-11-21 16:06:04: [Statistics] Ethereum - Total speed: 27.636 MH/s, Total shares: 0 Rejected: 0, Time: 03:34
2020-11-21 16:06:04: [Statistics] Ethereum last 10 min - Total: 27.149 MH/s.
2020-11-21 16:06:04: <info>  New job from eth-us-east1.nanopool.org:9433
2020-11-21 16:06:04: [Statistics] Ethereum - Total speed: 27.636 MH/s, Total shares: 0 Rejected: 0, Time: 03:34
2020-11-21 16:06:04: [Statistics] GPU0 t=75°C fan 56% power 134.25W. Total power: 134.25W
2020-11-21 16:06:05: <info>  New job from eth-us-east1.nanopool.org:9433
2020-11-21 16:06:05: [Statistics] Ethereum - Total speed: 27.636 MH/s, Total shares: 0 Rejected: 0, Time: 03:36
2020-11-21 16:06:06: <info>  New job from eth-us-east1.nanopool.org:9433
2020-11-21 16:06:06: [Statistics] Ethereum - Total speed: 27.636 MH/s, Total shares: 0 Rejected: 0, Time: 03:36
2020-11-21 16:06:06: [Statistics] GPU0 t=75°C fan 56% power 134.21W. Total power: 134.21W
2020-11-21 16:06:08: <info>  New job from eth-us-east1.nanopool.org:9433
2020-11-21 16:06:08: [Statistics] Ethereum - Total speed: 27.635 MH/s, Total shares: 0 Rejected: 0, Time: 03:39
2020-11-21 16:06:08: [Statistics] Ethereum last 10 min - Total: 27.160 MH/s.
2020-11-21 16:06:11: <info>  New job from eth-us-east1.nanopool.org:9433
2020-11-21 16:06:11: [Statistics] Ethereum - Total speed: 27.635 MH/s, Total shares: 0 Rejected: 0, Time: 03:42
2020-11-21 16:06:11: [Statistics] GPU0 t=75°C fan 56% power 135.10W. Total power: 135.10W
2020-11-21 16:06:14: <info>  New job from eth-us-east1.nanopool.org:9433
2020-11-21 16:06:14: [Statistics] Ethereum - Total speed: 27.636 MH/s, Total shares: 0 Rejected: 0, Time: 03:45
2020-11-21 16:06:16: <info>  New job from eth-us-east1.nanopool.org:9433
2020-11-21 16:06:16: [Statistics] Ethereum - Total speed: 27.636 MH/s, Total shares: 0 Rejected: 0, Time: 03:46
2020-11-21 16:06:16: [Statistics] GPU0 t=75°C fan 56% power 135.02W. Total power: 135.02W
2020-11-21 16:06:16: <info>  New job from eth-us-east1.nanopool.org:9433
2020-11-21 16:06:16: [Statistics] Ethereum - Total speed: 27.636 MH/s, Total shares: 0 Rejected: 0, Time: 03:46
2020-11-21 16:06:16: [Statistics] Ethereum last 10 min - Total: 27.177 MH/s.
2020-11-21 16:06:18: <info>  New job from eth-us-east1.nanopool.org:9433
2020-11-21 16:06:18: [Statistics] Ethereum - Total speed: 27.636 MH/s, Total shares: 0 Rejected: 0, Time: 03:48
2020-11-21 16:06:18: [Statistics] GPU0 t=75°C fan 56% power 134.23W. Total power: 134.23W
2020-11-21 16:06:18: <info>  New job from eth-us-east1.nanopool.org:9433
2020-11-21 16:06:18: [Statistics] Ethereum - Total speed: 27.636 MH/s, Total shares: 0 Rejected: 0, Time: 03:49
2020-11-21 16:06:20: <info>  New job from eth-us-east1.nanopool.org:9433
2020-11-21 16:06:20: [Statistics] Ethereum - Total speed: 27.636 MH/s, Total shares: 0 Rejected: 0, Time: 03:51
2020-11-21 16:06:20: [Statistics] GPU0 t=75°C fan 56% power 135.01W. Total power: 135.01W
2020-11-21 16:06:21: <info>  New job from eth-us-east1.nanopool.org:9433
2020-11-21 16:06:21: [Statistics] Ethereum - Total speed: 27.636 MH/s, Total shares: 0 Rejected: 0, Time: 03:51
2020-11-21 16:06:21: [Statistics] Ethereum last 10 min - Total: 27.187 MH/s.
2020-11-21 16:06:23: <info>  New job from eth-us-east1.nanopool.org:9433
2020-11-21 16:06:23: [Statistics] Ethereum - Total speed: 27.636 MH/s, Total shares: 0 Rejected: 0, Time: 03:54
2020-11-21 16:06:23: [Statistics] GPU0 t=75°C fan 56% power 135.02W. Total power: 135.02W
2020-11-21 16:06:26: <info>  New job from eth-us-east1.nanopool.org:9433
2020-11-21 16:06:26: [Statistics] Ethereum - Total speed: 27.637 MH/s, Total shares: 0 Rejected: 0, Time: 03:57
2020-11-21 16:06:29: <info>  New job from eth-us-east1.nanopool.org:9433
2020-11-21 16:06:29: [Statistics] Ethereum - Total speed: 27.636 MH/s, Total shares: 0 Rejected: 0, Time: 04:00
2020-11-21 16:06:29: [Statistics] GPU0 t=75°C fan 57% power 135.12W. Total power: 135.12W
2020-11-21 16:06:32: <info>  New job from eth-us-east1.nanopool.org:9433
2020-11-21 16:06:32: [Statistics] Ethereum - Total speed: 27.636 MH/s, Total shares: 0 Rejected: 0, Time: 04:03
2020-11-21 16:06:32: [Statistics] Ethereum last 10 min - Total: 27.210 MH/s.
2020-11-21 16:06:33: <info>  New job from eth-us-east1.nanopool.org:9433
2020-11-21 16:06:33: [Statistics] Ethereum - Total speed: 27.636 MH/s, Total shares: 0 Rejected: 0, Time: 04:03
2020-11-21 16:06:33: [Statistics] GPU0 t=75°C fan 57% power 135.01W. Total power: 135.01W
2020-11-21 16:06:33: <info>  New job from eth-us-east1.nanopool.org:9433
2020-11-21 16:06:33: [Statistics] Ethereum - Total speed: 27.636 MH/s, Total shares: 0 Rejected: 0, Time: 04:03
2020-11-21 16:06:36: <info>  New job from eth-us-east1.nanopool.org:9433
2020-11-21 16:06:36: [Statistics] Ethereum - Total speed: 27.636 MH/s, Total shares: 0 Rejected: 0, Time: 04:06
2020-11-21 16:06:36: [Statistics] GPU0 t=75°C fan 57% power 135.08W. Total power: 135.08W
2020-11-21 16:06:39: <info>  New job from eth-us-east1.nanopool.org:9433
2020-11-21 16:06:39: [Statistics] Ethereum - Total speed: 27.636 MH/s, Total shares: 0 Rejected: 0, Time: 04:09
2020-11-21 16:06:39: [Statistics] Ethereum last 10 min - Total: 27.221 MH/s.
2020-11-21 16:06:39: <info>  New job from eth-us-east1.nanopool.org:9433
2020-11-21 16:06:39: [Statistics] Ethereum - Total speed: 27.636 MH/s, Total shares: 0 Rejected: 0, Time: 04:10
2020-11-21 16:06:39: [Statistics] GPU0 t=76°C fan 57% power 135.03W. Total power: 135.03W
2020-11-21 16:06:40: <info>  New job from eth-us-east1.nanopool.org:9433
2020-11-21 16:06:40: [Statistics] Ethereum - Total speed: 27.636 MH/s, Total shares: 0 Rejected: 0, Time: 04:10
2020-11-21 16:06:43: <info>  New job from eth-us-east1.nanopool.org:9433
2020-11-21 16:06:43: [Statistics] Ethereum - Total speed: 27.637 MH/s, Total shares: 0 Rejected: 0, Time: 04:13
2020-11-21 16:06:43: [Statistics] GPU0 t=76°C fan 57% power 135.03W. Total power: 135.03W
2020-11-21 16:06:46: <info>  New job from eth-us-east1.nanopool.org:9433
2020-11-21 16:06:46: [Statistics] Ethereum - Total speed: 27.637 MH/s, Total shares: 0 Rejected: 0, Time: 04:16
2020-11-21 16:06:46: [Statistics] Ethereum last 10 min - Total: 27.233 MH/s.
2020-11-21 16:06:49: <info>  New job from eth-us-east1.nanopool.org:9433
2020-11-21 16:06:49: [Statistics] Ethereum - Total speed: 27.637 MH/s, Total shares: 0 Rejected: 0, Time: 04:19
2020-11-21 16:06:49: [Statistics] GPU0 t=75°C fan 57% power 135.04W. Total power: 135.04W
2020-11-21 16:06:52: <info>  New job from eth-us-east1.nanopool.org:9433
2020-11-21 16:06:52: [Statistics] Ethereum - Total speed: 27.637 MH/s, Total shares: 0 Rejected: 0, Time: 04:22
2020-11-21 16:06:54: <info>  New job from eth-us-east1.nanopool.org:9433
2020-11-21 16:06:54: [Statistics] Ethereum - Total speed: 27.637 MH/s, Total shares: 0 Rejected: 0, Time: 04:24
2020-11-21 16:06:54: [Statistics] GPU0 t=76°C fan 58% power 135.02W. Total power: 135.02W
2020-11-21 16:06:55: <info>  New job from eth-us-east1.nanopool.org:9433
2020-11-21 16:06:55: [Statistics] Ethereum - Total speed: 27.637 MH/s, Total shares: 0 Rejected: 0, Time: 04:26
2020-11-21 16:06:55: [Statistics] Ethereum last 10 min - Total: 27.248 MH/s.
2020-11-21 16:06:57: <info>  New job from eth-us-east1.nanopool.org:9433
2020-11-21 16:06:57: [Statistics] Ethereum - Total speed: 27.637 MH/s, Total shares: 0 Rejected: 0, Time: 04:27
2020-11-21 16:06:57: [Statistics] GPU0 t=76°C fan 58% power 135.03W. Total power: 135.03W
2020-11-21 16:07:00: <info>  New job from eth-us-east1.nanopool.org:9433
2020-11-21 16:07:00: [Statistics] Ethereum - Total speed: 27.637 MH/s, Total shares: 0 Rejected: 0, Time: 04:30
2020-11-21 16:07:03: <info>  New job from eth-us-east1.nanopool.org:9433
2020-11-21 16:07:03: [Statistics] Ethereum - Total speed: 27.637 MH/s, Total shares: 0 Rejected: 0, Time: 04:33
2020-11-21 16:07:03: [Statistics] GPU0 t=76°C fan 60% power 135.09W. Total power: 135.09W
2020-11-21 16:07:06: <info>  New job from eth-us-east1.nanopool.org:9433
2020-11-21 16:07:06: [Statistics] Ethereum - Total speed: 27.636 MH/s, Total shares: 0 Rejected: 0, Time: 04:36
2020-11-21 16:07:06: [Statistics] Ethereum last 10 min - Total: 27.264 MH/s.
2020-11-21 16:07:09: <info>  New job from eth-us-east1.nanopool.org:9433
2020-11-21 16:07:09: [Statistics] Ethereum - Total speed: 27.636 MH/s, Total shares: 0 Rejected: 0, Time: 04:39
2020-11-21 16:07:09: [Statistics] GPU0 t=76°C fan 60% power 135.09W. Total power: 135.09W
2020-11-21 16:07:12: <info>  New job from eth-us-east1.nanopool.org:9433
2020-11-21 16:07:12: [Statistics] Ethereum - Total speed: 27.636 MH/s, Total shares: 0 Rejected: 0, Time: 04:42
2020-11-21 16:07:12: <info>  New job from eth-us-east1.nanopool.org:9433
2020-11-21 16:07:12: [Statistics] Ethereum - Total speed: 27.636 MH/s, Total shares: 0 Rejected: 0, Time: 04:43
2020-11-21 16:07:12: [Statistics] GPU0 t=76°C fan 60% power 135.12W. Total power: 135.12W
2020-11-21 16:07:12: <info>  New job from eth-us-east1.nanopool.org:9433
2020-11-21 16:07:12: [Statistics] Ethereum - Total speed: 27.636 MH/s, Total shares: 0 Rejected: 0, Time: 04:43
2020-11-21 16:07:12: [Statistics] Ethereum last 10 min - Total: 27.273 MH/s.
2020-11-21 16:07:15: <info>  New job from eth-us-east1.nanopool.org:9433
2020-11-21 16:07:15: [Statistics] Ethereum - Total speed: 27.636 MH/s, Total shares: 0 Rejected: 0, Time: 04:46
2020-11-21 16:07:15: [Statistics] GPU0 t=76°C fan 60% power 135.12W. Total power: 135.12W
2020-11-21 16:07:16: <info>  New job from eth-us-east1.nanopool.org:9433
2020-11-21 16:07:16: [Statistics] Ethereum - Total speed: 27.636 MH/s, Total shares: 0 Rejected: 0, Time: 04:47
2020-11-21 16:07:17: <info>  New job from eth-us-east1.nanopool.org:9433
2020-11-21 16:07:17: [Statistics] Ethereum - Total speed: 27.636 MH/s, Total shares: 0 Rejected: 0, Time: 04:47
2020-11-21 16:07:17: [Statistics] GPU0 t=76°C fan 60% power 135.02W. Total power: 135.02W
2020-11-21 16:07:19: <info>  New job from eth-us-east1.nanopool.org:9433
2020-11-21 16:07:19: [Statistics] Ethereum - Total speed: 27.636 MH/s, Total shares: 0 Rejected: 0, Time: 04:50
2020-11-21 16:07:19: [Statistics] Ethereum last 10 min - Total: 27.282 MH/s.
2020-11-21 16:07:20: <info>  New job from eth-us-east1.nanopool.org:9433
2020-11-21 16:07:20: [Statistics] Ethereum - Total speed: 27.636 MH/s, Total shares: 0 Rejected: 0, Time: 04:51
2020-11-21 16:07:20: [Statistics] GPU0 t=76°C fan 60% power 135.03W. Total power: 135.03W
2020-11-21 16:07:21: <info>  New job from eth-us-east1.nanopool.org:9433
2020-11-21 16:07:21: [Statistics] Ethereum - Total speed: 27.636 MH/s, Total shares: 0 Rejected: 0, Time: 04:51
2020-11-21 16:07:24: <info>  New job from eth-us-east1.nanopool.org:9433
2020-11-21 16:07:24: [Statistics] Ethereum - Total speed: 27.636 MH/s, Total shares: 0 Rejected: 0, Time: 04:54
2020-11-21 16:07:24: [Statistics] GPU0 t=76°C fan 60% power 135.15W. Total power: 135.15W
2020-11-21 16:07:27: <info>  New job from eth-us-east1.nanopool.org:9433
2020-11-21 16:07:27: [Statistics] Ethereum - Total speed: 27.637 MH/s, Total shares: 0 Rejected: 0, Time: 04:57
2020-11-21 16:07:27: [Statistics] Ethereum last 10 min - Total: 27.291 MH/s.
2020-11-21 16:07:28: <info>  New job from eth-us-east1.nanopool.org:9433
2020-11-21 16:07:28: [Statistics] Ethereum - Total speed: 27.637 MH/s, Total shares: 0 Rejected: 0, Time: 04:59
2020-11-21 16:07:28: [Statistics] GPU0 t=76°C fan 60% power 135.15W. Total power: 135.15W
2020-11-21 16:07:28: <info>  New job from eth-us-east1.nanopool.org:9433
2020-11-21 16:07:28: [Statistics] Ethereum - Total speed: 27.637 MH/s, Total shares: 0 Rejected: 0, Time: 04:59
2020-11-21 16:07:31: <info>  New job from eth-us-east1.nanopool.org:9433
2020-11-21 16:07:31: [Statistics] Ethereum - Total speed: 27.637 MH/s, Total shares: 0 Rejected: 0, Time: 05:02
2020-11-21 16:07:31: [Statistics] GPU0 t=76°C fan 60% power 135.08W. Total power: 135.08W
2020-11-21 16:07:33: <info>  New job from eth-us-east1.nanopool.org:9433
2020-11-21 16:07:33: [Statistics] Ethereum - Total speed: 27.637 MH/s, Total shares: 0 Rejected: 0, Time: 05:03
2020-11-21 16:07:33: [Statistics] Ethereum last 10 min - Total: 27.298 MH/s.
2020-11-21 16:07:33: <info>  New job from eth-us-east1.nanopool.org:9433
2020-11-21 16:07:33: [Statistics] Ethereum - Total speed: 27.637 MH/s, Total shares: 0 Rejected: 0, Time: 05:03
2020-11-21 16:07:33: [Statistics] GPU0 t=76°C fan 60% power 135.10W. Total power: 135.10W
2020-11-21 16:07:36: <info>  New job from eth-us-east1.nanopool.org:9433
2020-11-21 16:07:36: [Statistics] Ethereum - Total speed: 27.637 MH/s, Total shares: 0 Rejected: 0, Time: 05:06
2020-11-21 16:07:39: <info>  New job from eth-us-east1.nanopool.org:9433
2020-11-21 16:07:39: [Statistics] Ethereum - Total speed: 27.636 MH/s, Total shares: 0 Rejected: 0, Time: 05:09
2020-11-21 16:07:39: [Statistics] GPU0 t=76°C fan 60% power 135.12W. Total power: 135.12W
2020-11-21 16:07:42: <info>  New job from eth-us-east1.nanopool.org:9433
2020-11-21 16:07:42: [Statistics] Ethereum - Total speed: 27.637 MH/s, Total shares: 0 Rejected: 0, Time: 05:12
2020-11-21 16:07:42: [Statistics] Ethereum last 10 min - Total: 27.309 MH/s.
2020-11-21 16:07:45: <info>  New job from eth-us-east1.nanopool.org:9433
2020-11-21 16:07:45: [Statistics] Ethereum - Total speed: 27.637 MH/s, Total shares: 0 Rejected: 0, Time: 05:15
2020-11-21 16:07:45: [Statistics] GPU0 t=76°C fan 60% power 135.12W. Total power: 135.12W
2020-11-21 16:07:45: <info>  New job from eth-us-east1.nanopool.org:9433
2020-11-21 16:07:45: [Statistics] Ethereum - Total speed: 27.637 MH/s, Total shares: 0 Rejected: 0, Time: 05:16
2020-11-21 16:07:45: <info>  New job from eth-us-east1.nanopool.org:9433
2020-11-21 16:07:45: [Statistics] Ethereum - Total speed: 27.637 MH/s, Total shares: 0 Rejected: 0, Time: 05:16
2020-11-21 16:07:45: [Statistics] GPU0 t=76°C fan 60% power 135.14W. Total power: 135.14W
2020-11-21 16:07:48: <info>  New job from eth-us-east1.nanopool.org:9433
2020-11-21 16:07:48: [Statistics] Ethereum - Total speed: 27.637 MH/s, Total shares: 0 Rejected: 0, Time: 05:19
2020-11-21 16:07:48: [Statistics] Ethereum last 10 min - Total: 27.316 MH/s.
2020-11-21 16:07:51: <info>  New job from eth-us-east1.nanopool.org:9433
2020-11-21 16:07:51: [Statistics] Ethereum - Total speed: 27.637 MH/s, Total shares: 0 Rejected: 0, Time: 05:22
2020-11-21 16:07:51: [Statistics] GPU0 t=76°C fan 60% power 135.20W. Total power: 135.20W
2020-11-21 16:07:54: <info>  New job from eth-us-east1.nanopool.org:9433
2020-11-21 16:07:54: [Statistics] Ethereum - Total speed: 27.637 MH/s, Total shares: 0 Rejected: 0, Time: 05:25
2020-11-21 16:07:57: <info>  New job from eth-us-east1.nanopool.org:9433
2020-11-21 16:07:57: [Statistics] Ethereum - Total speed: 27.637 MH/s, Total shares: 0 Rejected: 0, Time: 05:28
2020-11-21 16:07:57: [Statistics] GPU0 t=76°C fan 60% power 135.12W. Total power: 135.12W
2020-11-21 16:08:00: <info>  New job from eth-us-east1.nanopool.org:9433
2020-11-21 16:08:00: [Statistics] Ethereum - Total speed: 27.637 MH/s, Total shares: 0 Rejected: 0, Time: 05:31
2020-11-21 16:08:00: [Statistics] Ethereum last 10 min - Total: 27.328 MH/s.
2020-11-21 16:08:03: <info>  New job from eth-us-east1.nanopool.org:9433
2020-11-21 16:08:03: [Statistics] Ethereum - Total speed: 27.637 MH/s, Total shares: 0 Rejected: 0, Time: 05:34
2020-11-21 16:08:03: [Statistics] GPU0 t=76°C fan 60% power 135.19W. Total power: 135.19W
2020-11-21 16:08:06: <info>  New job from eth-us-east1.nanopool.org:9433
2020-11-21 16:08:06: [Statistics] Ethereum - Total speed: 27.637 MH/s, Total shares: 0 Rejected: 0, Time: 05:37
2020-11-21 16:08:06: <info>  New job from eth-us-east1.nanopool.org:9433
2020-11-21 16:08:06: [Statistics] Ethereum - Total speed: 27.637 MH/s, Total shares: 0 Rejected: 0, Time: 05:37
2020-11-21 16:08:06: [Statistics] GPU0 t=76°C fan 60% power 135.08W. Total power: 135.08W
2020-11-21 16:08:09: <info>  New job from eth-us-east1.nanopool.org:9433
2020-11-21 16:08:09: [Statistics] Ethereum - Total speed: 27.637 MH/s, Total shares: 0 Rejected: 0, Time: 05:40
2020-11-21 16:08:09: [Statistics] Ethereum last 10 min - Total: 27.336 MH/s.
2020-11-21 16:08:12: <info>  New job from eth-us-east1.nanopool.org:9433
2020-11-21 16:08:12: [Statistics] Ethereum - Total speed: 27.638 MH/s, Total shares: 0 Rejected: 0, Time: 05:43
2020-11-21 16:08:12: [Statistics] GPU0 t=76°C fan 60% power 135.17W. Total power: 135.17W
2020-11-21 16:08:15: <info>  New job from eth-us-east1.nanopool.org:9433
2020-11-21 16:08:15: [Statistics] Ethereum - Total speed: 27.637 MH/s, Total shares: 0 Rejected: 0, Time: 05:46
2020-11-21 16:08:18: <info>  New job from eth-us-east1.nanopool.org:9433
2020-11-21 16:08:18: [Statistics] Ethereum - Total speed: 27.637 MH/s, Total shares: 0 Rejected: 0, Time: 05:49
2020-11-21 16:08:18: [Statistics] GPU0 t=76°C fan 60% power 135.12W. Total power: 135.12W
2020-11-21 16:08:21: <info>  New job from eth-us-east1.nanopool.org:9433
2020-11-21 16:08:21: [Statistics] Ethereum - Total speed: 27.637 MH/s, Total shares: 0 Rejected: 0, Time: 05:52
2020-11-21 16:08:21: [Statistics] Ethereum last 10 min - Total: 27.347 MH/s.
2020-11-21 16:08:24: <info>  New job from eth-us-east1.nanopool.org:9433
2020-11-21 16:08:24: [Statistics] Ethereum - Total speed: 27.637 MH/s, Total shares: 0 Rejected: 0, Time: 05:55
2020-11-21 16:08:24: [Statistics] GPU0 t=76°C fan 60% power 135.16W. Total power: 135.16W
2020-11-21 16:08:27: <info>  New job from eth-us-east1.nanopool.org:9433
2020-11-21 16:08:27: [Statistics] Ethereum - Total speed: 27.637 MH/s, Total shares: 0 Rejected: 0, Time: 05:58
2020-11-21 16:08:30: <info>  New job from eth-us-east1.nanopool.org:9433
2020-11-21 16:08:30: [Statistics] Ethereum - Total speed: 27.637 MH/s, Total shares: 0 Rejected: 0, Time: 06:01
2020-11-21 16:08:30: [Statistics] GPU0 t=76°C fan 60% power 135.22W. Total power: 135.22W
2020-11-21 16:08:31: <info>  New job from eth-us-east1.nanopool.org:9433
2020-11-21 16:08:31: [Statistics] Ethereum - Total speed: 27.637 MH/s, Total shares: 0 Rejected: 0, Time: 06:01
2020-11-21 16:08:31: [Statistics] Ethereum last 10 min - Total: 27.355 MH/s.
2020-11-21 16:08:31: <info>  New job from eth-us-east1.nanopool.org:9433
2020-11-21 16:08:31: [Statistics] Ethereum - Total speed: 27.637 MH/s, Total shares: 0 Rejected: 0, Time: 06:02
2020-11-21 16:08:31: [Statistics] GPU0 t=76°C fan 60% power 135.24W. Total power: 135.24W
2020-11-21 16:08:33: <info>  New job from eth-us-east1.nanopool.org:9433
2020-11-21 16:08:33: [Statistics] Ethereum - Total speed: 27.637 MH/s, Total shares: 0 Rejected: 0, Time: 06:04
2020-11-21 16:08:33: <info>  New job from eth-us-east1.nanopool.org:9433
2020-11-21 16:08:33: [Statistics] Ethereum - Total speed: 27.637 MH/s, Total shares: 0 Rejected: 0, Time: 06:04
2020-11-21 16:08:33: [Statistics] GPU0 t=76°C fan 60% power 135.21W. Total power: 135.21W
2020-11-21 16:08:36: <info>  New job from eth-us-east1.nanopool.org:9433
2020-11-21 16:08:36: [Statistics] Ethereum - Total speed: 27.636 MH/s, Total shares: 0 Rejected: 0, Time: 06:07
2020-11-21 16:08:36: [Statistics] Ethereum last 10 min - Total: 27.359 MH/s.
2020-11-21 16:08:39: <info>  New job from eth-us-east1.nanopool.org:9433
2020-11-21 16:08:39: [Statistics] Ethereum - Total speed: 27.637 MH/s, Total shares: 0 Rejected: 0, Time: 06:10
2020-11-21 16:08:39: [Statistics] GPU0 t=76°C fan 60% power 136.07W. Total power: 136.07W
2020-11-21 16:08:42: <info>  New job from eth-us-east1.nanopool.org:9433
2020-11-21 16:08:42: [Statistics] Ethereum - Total speed: 27.636 MH/s, Total shares: 0 Rejected: 0, Time: 06:13
2020-11-21 16:08:45: <info>  New job from eth-us-east1.nanopool.org:9433
2020-11-21 16:08:45: [Statistics] Ethereum - Total speed: 27.636 MH/s, Total shares: 0 Rejected: 0, Time: 06:16
2020-11-21 16:08:45: [Statistics] GPU0 t=77°C fan 60% power 136.06W. Total power: 136.06W
2020-11-21 16:08:48: <info>  New job from eth-us-east1.nanopool.org:9433
2020-11-21 16:08:48: [Statistics] Ethereum - Total speed: 27.635 MH/s, Total shares: 0 Rejected: 0, Time: 06:19
2020-11-21 16:08:48: [Statistics] Ethereum last 10 min - Total: 27.368 MH/s.
2020-11-21 16:08:51: <info>  New job from eth-us-east1.nanopool.org:9433
2020-11-21 16:08:51: [Statistics] Ethereum - Total speed: 27.635 MH/s, Total shares: 0 Rejected: 0, Time: 06:22
2020-11-21 16:08:51: [Statistics] GPU0 t=77°C fan 60% power 136.00W. Total power: 136.00W
2020-11-21 16:08:54: <info>  New job from eth-us-east1.nanopool.org:9433
2020-11-21 16:08:54: [Statistics] Ethereum - Total speed: 27.635 MH/s, Total shares: 0 Rejected: 0, Time: 06:25
2020-11-21 16:08:57: <info>  New job from eth-us-east1.nanopool.org:9433
2020-11-21 16:08:57: [Statistics] Ethereum - Total speed: 27.635 MH/s, Total shares: 0 Rejected: 0, Time: 06:28
2020-11-21 16:08:57: [Statistics] GPU0 t=77°C fan 60% power 136.02W. Total power: 136.02W
2020-11-21 16:09:00: <info>  New job from eth-us-east1.nanopool.org:9433
2020-11-21 16:09:00: [Statistics] Ethereum - Total speed: 27.635 MH/s, Total shares: 0 Rejected: 0, Time: 06:30
2020-11-21 16:09:00: [Statistics] Ethereum last 10 min - Total: 27.376 MH/s.
2020-11-21 16:09:00: <info>  New job from eth-us-east1.nanopool.org:9433
2020-11-21 16:09:00: [Statistics] Ethereum - Total speed: 27.635 MH/s, Total shares: 0 Rejected: 0, Time: 06:30
2020-11-21 16:09:00: [Statistics] GPU0 t=77°C fan 60% power 135.23W. Total power: 135.23W
2020-11-21 16:09:03: <info>  New job from eth-us-east1.nanopool.org:9433
2020-11-21 16:09:03: [Statistics] Ethereum - Total speed: 27.635 MH/s, Total shares: 0 Rejected: 0, Time: 06:33
2020-11-21 16:09:07: <info>  New job from eth-us-east1.nanopool.org:9433
2020-11-21 16:09:07: [Statistics] Ethereum - Total speed: 27.636 MH/s, Total shares: 0 Rejected: 0, Time: 06:37
2020-11-21 16:09:07: [Statistics] GPU0 t=77°C fan 60% power 135.22W. Total power: 135.22W
2020-11-21 16:09:09: <info>  New job from eth-us-east1.nanopool.org:9433
2020-11-21 16:09:09: [Statistics] Ethereum - Total speed: 27.636 MH/s, Total shares: 0 Rejected: 0, Time: 06:39
2020-11-21 16:09:09: [Statistics] Ethereum last 10 min - Total: 27.383 MH/s.
2020-11-21 16:09:12: <info>  New job from eth-us-east1.nanopool.org:9433
2020-11-21 16:09:12: [Statistics] Ethereum - Total speed: 27.636 MH/s, Total shares: 0 Rejected: 0, Time: 06:42
2020-11-21 16:09:12: [Statistics] GPU0 t=77°C fan 60% power 135.19W. Total power: 135.19W
2020-11-21 16:09:12: <info>  New job from eth-us-east1.nanopool.org:9433
2020-11-21 16:09:12: [Statistics] Ethereum - Total speed: 27.636 MH/s, Total shares: 0 Rejected: 0, Time: 06:43
2020-11-21 16:09:12: <info>  New job from eth-us-east1.nanopool.org:9433
2020-11-21 16:09:12: [Statistics] Ethereum - Total speed: 27.636 MH/s, Total shares: 0 Rejected: 0, Time: 06:43
2020-11-21 16:09:12: [Statistics] GPU0 t=77°C fan 60% power 135.19W. Total power: 135.19W
2020-11-21 16:09:15: <info>  New job from eth-us-east1.nanopool.org:9433
2020-11-21 16:09:15: [Statistics] Ethereum - Total speed: 27.636 MH/s, Total shares: 0 Rejected: 0, Time: 06:46
2020-11-21 16:09:15: [Statistics] Ethereum last 10 min - Total: 27.387 MH/s.
2020-11-21 16:09:18: <info>  New job from eth-us-east1.nanopool.org:9433
2020-11-21 16:09:18: [Statistics] Ethereum - Total speed: 27.636 MH/s, Total shares: 0 Rejected: 0, Time: 06:49
2020-11-21 16:09:18: [Statistics] GPU0 t=77°C fan 60% power 136.06W. Total power: 136.06W
2020-11-21 16:09:21: <info>  New job from eth-us-east1.nanopool.org:9433
2020-11-21 16:09:21: [Statistics] Ethereum - Total speed: 27.636 MH/s, Total shares: 0 Rejected: 0, Time: 06:52
2020-11-21 16:09:24: <info>  New job from eth-us-east1.nanopool.org:9433
2020-11-21 16:09:24: [Statistics] Ethereum - Total speed: 27.635 MH/s, Total shares: 0 Rejected: 0, Time: 06:55
2020-11-21 16:09:24: [Statistics] GPU0 t=77°C fan 60% power 136.09W. Total power: 136.09W
2020-11-21 16:09:26: <info>  New job from eth-us-east1.nanopool.org:9433
2020-11-21 16:09:26: [Statistics] Ethereum - Total speed: 27.635 MH/s, Total shares: 0 Rejected: 0, Time: 06:56
2020-11-21 16:09:26: [Statistics] Ethereum last 10 min - Total: 27.393 MH/s.
2020-11-21 16:09:26: <info>  New job from eth-us-east1.nanopool.org:9433
2020-11-21 16:09:26: [Statistics] Ethereum - Total speed: 27.635 MH/s, Total shares: 0 Rejected: 0, Time: 06:56
2020-11-21 16:09:26: [Statistics] GPU0 t=77°C fan 60% power 135.22W. Total power: 135.22W
