2020-11-20 10:40:55: <info>                                    _                 
2020-11-20 10:40:55: <info>  _ __   __ _ _ __   ___  _ __ ___ (_)_ __   ___ _ __ 
2020-11-20 10:40:55: <info> | '_ \ / _` | '_ \ / _ \| '_ ` _ \| | '_ \ / _ \ '__|
2020-11-20 10:40:55: <info> | | | | (_| | | | | (_) | | | | | | | | | |  __/ |   
2020-11-20 10:40:55: <info> |_| |_|\__,_|_| |_|\___/|_| |_| |_|_|_| |_|\___|_|   
2020-11-20 10:40:55: <info> 
2020-11-20 10:40:55: <info> Version 1.9.1
2020-11-20 10:40:55: <info>  Started EthMan server on port 3333 without a password (read-only mode).
2020-11-20 10:40:55: <info>  Started web interface on port 9090 without a password.
2020-11-20 10:40:55: <info> Single device detected
2020-11-20 10:40:55: <info> GPU 0 PCI 01:00.0, Platform: OpenCL, Name: Radeon RX 580 Series (Ellesmere), 8041 MB available
2020-11-20 10:40:55: <info> -------------------Kawpow:------------------
2020-11-20 10:40:55: <info> Currency: RVM
2020-11-20 10:40:55: <info> Wallet: RApoGpnQn9GTQiQzJ9KdPzyxtFqZVfXcX9
2020-11-20 10:40:55: <info> Rig name: Grumpy_915c5b79
2020-11-20 10:40:55: <info> Email was not set.
2020-11-20 10:40:55: <info> Hashrate threshold to restart miner is not set
2020-11-20 10:40:55: <info> Added pool: rvn-us-east1.nanopool.org:12433
2020-11-20 10:40:55: <info> Added pool: rvn-us-west1.nanopool.org:12433
2020-11-20 10:40:55: <info> Added pool: rvn-eu1.nanopool.org:12433
2020-11-20 10:40:55: <info> Added pool: rvn-eu2.nanopool.org:12433
2020-11-20 10:40:55: <info> Added pool: rvn-jp1.nanopool.org:12433
2020-11-20 10:40:55: <info> Added pool: rvn-au1.nanopool.org:12433
2020-11-20 10:40:55: <info> Added pool: rvn-asia1.nanopool.org:12433
2020-11-20 10:40:55: <info> Auto pool sorting is enabled
2020-11-20 10:40:55: <info> Using all GPU devices
2020-11-20 10:40:55: <info> -------------Common parameters:-------------
2020-11-20 10:40:55: <info> Log path: ./logs/
2020-11-20 10:40:55: <info> Log is written to file
2020-11-20 10:40:55: <info> GPU watchdog is enabled
2020-11-20 10:40:55: <info> Never calling reboot.sh (always restarting the miner in case of errors). 
2020-11-20 10:40:55: <info>  Setting up algorithm: Kawpow
2020-11-20 10:40:55: <info>  Connecting to pools...
2020-11-20 10:40:55: <info>  Connected to pool: rvn-us-east1.nanopool.org:12433 | ping: 131 ms.
2020-11-20 10:40:55: <info> Version 3.1.0 of the miner is available. Changelog:
2020-11-20 10:40:55: <info> - Performance improvements of Octopus algorithm (Conflux) on Nvidia GPUs, approximately
  * +4% on 10xx series,
  * +18% on 16xx and 20xx series,
  * +24% on 30xx series.
- Added initial support for new AMD RX 6800, 6800 XT and 6900 XT GPUs on Ethash and KawPoW algorithms.
- Added Verushash algorithm for VerusCoin support on CPUs with PCLMUL, AES and AVX hardware instructions supported.
2020-11-20 10:40:55: <info> In order to process the update, specify  autoUpdate=true  in config and restart the miner.
2020-11-20 10:40:55: <info>  New job from rvn-us-east1.nanopool.org:12433 | share difficulty = 300 MH, epoch 200 (2623 MB)
2020-11-20 10:40:55: [Statistics] RVM - Total speed: 0.000 H/s, Total shares: 0 Rejected: 0, Time: 00:00
2020-11-20 10:40:55: [Statistics] GPU0 t=33°C fan 33% power 33.12W. Total power: 33.12W
2020-11-20 10:41:06: <info>  GPU0: 2623 MB DAG generated in 9.31 seconds
2020-11-20 10:41:23: <info>  New job from rvn-us-east1.nanopool.org:12433
2020-11-20 10:41:23: [Statistics] RVM - Total speed: 11.053 MH/s, Total shares: 0 Rejected: 0, Time: 00:28
2020-11-20 10:41:23: [Statistics] RVM last 10 min - Total: 11.053 MH/s.
2020-11-20 10:41:43: <info>  New job from rvn-us-east1.nanopool.org:12433
2020-11-20 10:41:43: [Statistics] RVM - Total speed: 11.054 MH/s, Total shares: 0 Rejected: 0, Time: 00:48
2020-11-20 10:41:43: [Statistics] GPU0 t=57°C fan 44% power 116.17W. Total power: 116.17W
2020-11-20 10:41:44: <info>  RVM - SHARE FOUND (GPU: 0, nonce: 0xdfdc422f761e33f6).
2020-11-20 10:41:45: <info> RVM: share accepted (156 ms)!
2020-11-20 10:41:47: <info>  New job from rvn-us-east1.nanopool.org:12433
2020-11-20 10:41:47: [Statistics] RVM - Total speed: 10.830 MH/s, Total shares: 1 Rejected: 0, Time: 00:52
2020-11-20 10:41:58: <info>  New job from rvn-us-east1.nanopool.org:12433
2020-11-20 10:41:58: [Statistics] RVM - Total speed: 11.052 MH/s, Total shares: 1 Rejected: 0, Time: 01:03
2020-11-20 10:41:58: [Statistics] GPU0 t=60°C fan 44% power 116.20W. Total power: 116.20W
2020-11-20 10:42:22: <info>  RVM - SHARE FOUND (GPU: 0, nonce: 0xdfdc42c0af4d20a7).
2020-11-20 10:42:22: <info> RVM: share accepted (152 ms)!
2020-11-20 10:42:22: <info>  RVM - SHARE FOUND (GPU: 0, nonce: 0xdfdc42c0af8b88e4).
2020-11-20 10:42:23: <info> RVM: share accepted (153 ms)!
